Predictions (y,pred,y-pred) by the model of dimension:     1
    0.5100000000E+01    0.5275797723E+01   -0.1757977226E+00
    0.1374000000E+01    0.1269972791E+01    0.1040272094E+00
    0.5653000000E+01    0.5249713576E+01    0.4032864238E+00
    0.4219000000E+01    0.3953472450E+01    0.2655275500E+00
    0.5642000000E+01    0.5238120622E+01    0.4038793778E+00
    0.2038000000E+01    0.1991267603E+01    0.4673239674E-01
    0.2251000000E+01    0.1669464299E+01    0.5815357009E+00
    0.3672000000E+01    0.3899328594E+01   -0.2273285938E+00
    0.2240000000E+01    0.1580702211E+01    0.6592977894E+00
    0.5775000000E+01    0.5090625239E+01    0.6843747612E+00
    0.4725000000E+01    0.4716950617E+01    0.8049382975E-02
    0.5136000000E+01    0.5050798458E+01    0.8520154159E-01
    0.2397000000E+01    0.2192485789E+01    0.2045142114E+00
    0.1496000000E+01    0.1501446406E+01   -0.5446406310E-02
    0.2149000000E+01    0.2199694767E+01   -0.5069476650E-01
    0.3806000000E+01    0.4381891234E+01   -0.5758912338E+00
    0.4629000000E+01    0.3476823933E+01    0.1152176067E+01
    0.1895000000E+01    0.1677711084E+01    0.2172889159E+00
    0.2188000000E+01    0.2027959685E+01    0.1600403147E+00
    0.1776000000E+01    0.1751904644E+01    0.2409535626E-01
    0.1896000000E+01    0.1649048533E+01    0.2469514675E+00
    0.2275000000E+01    0.1237687085E+01    0.1037312915E+01
    0.1639000000E+01    0.1326121845E+01    0.3128781554E+00
    0.4920000000E+01    0.4823519927E+01    0.9648007298E-01
    0.1865000000E+01    0.1860757042E+01    0.4242958020E-02
    0.1461000000E+01    0.1809290939E+01   -0.3482909394E+00
    0.4311000000E+01    0.3949738391E+01    0.3612616090E+00
    0.4190000000E+01    0.3815312265E+01    0.3746877347E+00
    0.1106000000E+01    0.1876373383E+01   -0.7703733827E+00
Prediction RMSE and MaxAE:         0.4451772687        1.1521760667
Predictions (y,pred,y-pred) by the model of dimension:     2
    0.5100000000E+01    0.5199992138E+01   -0.9999213844E-01
    0.1374000000E+01    0.1486700831E+01   -0.1127008313E+00
    0.5653000000E+01    0.5689168305E+01   -0.3616830487E-01
    0.4219000000E+01    0.4484393767E+01   -0.2653937674E+00
    0.5642000000E+01    0.5503211411E+01    0.1387885886E+00
    0.2038000000E+01    0.1866017864E+01    0.1719821359E+00
    0.2251000000E+01    0.2114020687E+01    0.1369793134E+00
    0.3672000000E+01    0.3848528601E+01   -0.1765286007E+00
    0.2240000000E+01    0.1822205951E+01    0.4177940492E+00
    0.5775000000E+01    0.5543419030E+01    0.2315809704E+00
    0.4725000000E+01    0.4614407881E+01    0.1105921186E+00
    0.5136000000E+01    0.4748850956E+01    0.3871490438E+00
    0.2397000000E+01    0.2283159096E+01    0.1138409035E+00
    0.1496000000E+01    0.1569652799E+01   -0.7365279873E-01
    0.2149000000E+01    0.2062618018E+01    0.8638198181E-01
    0.3806000000E+01    0.4246043939E+01   -0.4400439393E+00
    0.4629000000E+01    0.3621291687E+01    0.1007708313E+01
    0.1895000000E+01    0.2056232540E+01   -0.1612325402E+00
    0.2188000000E+01    0.2268568036E+01   -0.8056803556E-01
    0.1776000000E+01    0.2022279850E+01   -0.2462798500E+00
    0.1896000000E+01    0.1995628982E+01   -0.9962898232E-01
    0.2275000000E+01    0.1583742589E+01    0.6912574106E+00
    0.1639000000E+01    0.1873023274E+01   -0.2340232737E+00
    0.4920000000E+01    0.4900920653E+01    0.1907934678E-01
    0.1865000000E+01    0.1879634785E+01   -0.1463478461E-01
    0.1461000000E+01    0.1500811308E+01   -0.3981130805E-01
    0.4311000000E+01    0.4480787408E+01   -0.1697874080E+00
    0.4190000000E+01    0.4119930995E+01    0.7006900467E-01
    0.1106000000E+01    0.1271596602E+01   -0.1655966020E+00
Prediction RMSE and MaxAE:         0.2946335369        1.0077083134
Predictions (y,pred,y-pred) by the model of dimension:     3
    0.5100000000E+01    0.5278463044E+01   -0.1784630437E+00
    0.1374000000E+01    0.1708442458E+01   -0.3344424582E+00
    0.5653000000E+01    0.5715295622E+01   -0.6229562231E-01
    0.4219000000E+01    0.4239024550E+01   -0.2002455043E-01
    0.5642000000E+01    0.5664741161E+01   -0.2274116124E-01
    0.2038000000E+01    0.1979886042E+01    0.5811395781E-01
    0.2251000000E+01    0.2122484178E+01    0.1285158223E+00
    0.3672000000E+01    0.3504067306E+01    0.1679326937E+00
    0.2240000000E+01    0.2060026329E+01    0.1799736709E+00
    0.5775000000E+01    0.5498459075E+01    0.2765409248E+00
    0.4725000000E+01    0.4776689967E+01   -0.5168996655E-01
    0.5136000000E+01    0.4865687577E+01    0.2703124234E+00
    0.2397000000E+01    0.2388540576E+01    0.8459424039E-02
    0.1496000000E+01    0.1774999661E+01   -0.2789996609E+00
    0.2149000000E+01    0.2038691127E+01    0.1103088733E+00
    0.3806000000E+01    0.4117806229E+01   -0.3118062285E+00
    0.4629000000E+01    0.4245611253E+01    0.3833887466E+00
    0.1895000000E+01    0.1917866210E+01   -0.2286620952E-01
    0.2188000000E+01    0.2124135036E+01    0.6386496427E-01
    0.1776000000E+01    0.2123388193E+01   -0.3473881927E+00
    0.1896000000E+01    0.2017289426E+01   -0.1212894264E+00
    0.2275000000E+01    0.1810368515E+01    0.4646314852E+00
    0.1639000000E+01    0.1875561756E+01   -0.2365617556E+00
    0.4920000000E+01    0.4874226620E+01    0.4577337953E-01
    0.1865000000E+01    0.1872719118E+01   -0.7719117977E-02
    0.1461000000E+01    0.1416801396E+01    0.4419860351E-01
    0.4311000000E+01    0.4179077054E+01    0.1319229462E+00
    0.4190000000E+01    0.4046601783E+01    0.1433982167E+00
    0.1106000000E+01    0.1392563420E+01   -0.2865634195E+00
Prediction RMSE and MaxAE:         0.2077398863        0.4646314852
Predictions (y,pred,y-pred) by the model of dimension:     4
    0.5100000000E+01    0.5256418596E+01   -0.1564185961E+00
    0.1374000000E+01    0.1763151214E+01   -0.3891512137E+00
    0.5653000000E+01    0.5743580643E+01   -0.9058064263E-01
    0.4219000000E+01    0.4255736734E+01   -0.3673673365E-01
    0.5642000000E+01    0.5636466578E+01    0.5533421711E-02
    0.2038000000E+01    0.2131238539E+01   -0.9323853896E-01
    0.2251000000E+01    0.2139946930E+01    0.1110530699E+00
    0.3672000000E+01    0.3444185826E+01    0.2278141737E+00
    0.2240000000E+01    0.2081507999E+01    0.1584920012E+00
    0.5775000000E+01    0.5524152710E+01    0.2508472896E+00
    0.4725000000E+01    0.4841001951E+01   -0.1160019512E+00
    0.5136000000E+01    0.4857546141E+01    0.2784538589E+00
    0.2397000000E+01    0.2390878171E+01    0.6121828520E-02
    0.1496000000E+01    0.1669397387E+01   -0.1733973872E+00
    0.2149000000E+01    0.2114056424E+01    0.3494357645E-01
    0.3806000000E+01    0.4074162884E+01   -0.2681628839E+00
    0.4629000000E+01    0.4217538059E+01    0.4114619406E+00
    0.1895000000E+01    0.1948456371E+01   -0.5345637062E-01
    0.2188000000E+01    0.2149214018E+01    0.3878598215E-01
    0.1776000000E+01    0.2081355533E+01   -0.3053555330E+00
    0.1896000000E+01    0.2073093809E+01   -0.1770938094E+00
    0.2275000000E+01    0.1905648021E+01    0.3693519793E+00
    0.1639000000E+01    0.1926388077E+01   -0.2873880773E+00
    0.4920000000E+01    0.4912585292E+01    0.7414707774E-02
    0.1865000000E+01    0.1936837241E+01   -0.7183724060E-01
    0.1461000000E+01    0.1411782690E+01    0.4921731021E-01
    0.4311000000E+01    0.4194696309E+01    0.1163036911E+00
    0.4190000000E+01    0.4064990026E+01    0.1250099740E+00
    0.1106000000E+01    0.1814883614E+01   -0.7088836142E+00
Prediction RMSE and MaxAE:         0.2346881581        0.7088836142
