Descriptor coordinates by the model of dimension:     1
   -0.9083774270E+01
   -0.2871396377E+01
   -0.9043322035E+01
   -0.7033064509E+01
   -0.9025343263E+01
   -0.3990006407E+01
   -0.3490942228E+01
   -0.6949096262E+01
   -0.3353286777E+01
   -0.8796602099E+01
   -0.8217094008E+01
   -0.8734837290E+01
   -0.4302062832E+01
   -0.3230374015E+01
   -0.4313242775E+01
   -0.7697471822E+01
   -0.6293860785E+01
   -0.3503731640E+01
   -0.4046909813E+01
   -0.3618793690E+01
   -0.3459280720E+01
   -0.2821326539E+01
   -0.2958474357E+01
   -0.8382365540E+01
   -0.3787605918E+01
   -0.3707790429E+01
   -0.7027273595E+01
   -0.6818800707E+01
   -0.3811824303E+01
Descriptor coordinates by the model of dimension:     2
   -0.8836465783E+01
    0.1084276114E+00
   -0.3078628851E+01
    0.1081831307E+00
   -0.8797754343E+01
    0.1417297703E+00
   -0.6976337893E+01
    0.1397011742E+00
   -0.8780550202E+01
    0.1304022739E+00
   -0.4050581249E+01
    0.9219209106E-01
   -0.3596087848E+01
    0.1272235235E+00
   -0.6895183370E+01
    0.1018994003E+00
   -0.3469784732E+01
    0.1135919448E+00
   -0.8610181869E+01
    0.1401165539E+00
   -0.8138224199E+01
    0.9963508188E-01
   -0.8573226152E+01
    0.9019020839E-01
   -0.4370540325E+01
    0.1058601134E+00
   -0.3424792168E+01
    0.9911030565E-01
   -0.4385224191E+01
    0.9096165760E-01
   -0.7594937170E+01
    0.9844655506E-01
   -0.6197722847E+01
    0.1162864205E+00
   -0.3663992472E+01
    0.1206464696E+00
   -0.4138210832E+01
    0.1146105415E+00
   -0.3718638420E+01
    0.1161666814E+00
   -0.3582409217E+01
    0.1201254726E+00
   -0.3036933892E+01
    0.1162090772E+00
   -0.3151777860E+01
    0.1301547243E+00
   -0.8296432165E+01
    0.1115917700E+00
   -0.3913137153E+01
    0.9880995018E-01
   -0.3842599670E+01
    0.7721512198E-01
   -0.6970740175E+01
    0.1397011742E+00
   -0.6769308281E+01
    0.1247326567E+00
   -0.3890576452E+01
    0.6036544759E-01
Descriptor coordinates by the model of dimension:     3
   -0.1979949391E+01
    0.1810780076E+00
   -0.9680675374E+00
   -0.5248042248E+00
   -0.5133884365E-01
    0.1282594825E+00
   -0.1971132200E+01
   -0.3311575496E-01
   -0.8165401066E+00
   -0.1459675557E+01
   -0.5475776251E-01
   -0.7856667031E+00
   -0.1967213448E+01
   -0.3528056650E-01
   -0.9632279559E+00
   -0.6980627923E+00
   -0.2873379078E-01
   -0.5590858927E+00
   -0.6898076019E+00
   -0.6051842401E-01
   -0.2011318068E+00
   -0.1448386923E+01
    0.3032061279E+00
   -0.7909764775E+00
   -0.6626069867E+00
   -0.6571870424E-01
   -0.1717760877E+00
   -0.1808262364E+01
   -0.3048679231E-01
    0.1190248133E+00
   -0.1515579058E+01
   -0.3176896008E-01
    0.6295023992E+00
   -0.1745813545E+01
    0.1720771414E+00
   -0.5228663762E-01
   -0.7225083612E+00
   -0.2537495139E+00
   -0.9138067739E+00
   -0.6163485982E+00
   -0.4754627543E-01
   -0.5508804214E+00
   -0.7546092426E+00
   -0.3574640321E-01
   -0.9806053806E+00
   -0.1617213176E+01
    0.2418610247E+00
   -0.8264702245E+00
   -0.1297887872E+01
   -0.4649367106E-01
    0.9371346986E+00
   -0.6685046606E+00
   -0.3992472471E-01
   -0.5441325041E+00
   -0.7533385061E+00
   -0.6071448279E-01
   -0.8429223206E+00
   -0.6331180880E+00
   -0.2182635807E+00
   -0.6713646884E+00
   -0.6537593107E+00
   -0.3602084269E-01
   -0.2966322367E-01
   -0.5554159483E+00
   -0.5260333097E-01
    0.1555740927E+00
   -0.5824153347E+00
   -0.4820847982E-01
    0.1322182859E+00
   -0.1546062106E+01
   -0.3010737444E-01
    0.6626539517E+00
   -0.6913731379E+00
   -0.4024234607E-01
   -0.9325401244E+00
   -0.6842073855E+00
    0.2152188014E+00
   -0.7118583090E+00
   -0.1458473684E+01
   -0.5344288824E-01
   -0.9688092887E+00
   -0.1415206232E+01
   -0.5637212634E-01
   -0.9993438002E+00
   -0.6359547525E+00
    0.1684590975E+00
   -0.6148591434E+00
Descriptor coordinates by the model of dimension:     4
   -0.1979949391E+01
    0.1810780076E+00
   -0.9680675374E+00
   -0.1591843803E+02
   -0.5248042248E+00
   -0.5133884365E-01
    0.1282594825E+00
   -0.5261858604E+02
   -0.1971132200E+01
   -0.3311575496E-01
   -0.8165401066E+00
   -0.2079175018E+02
   -0.1459675557E+01
   -0.5475776251E-01
   -0.7856667031E+00
   -0.2729770454E+01
   -0.1967213448E+01
   -0.3528056650E-01
   -0.9632279559E+00
    0.5155136601E+02
   -0.6980627923E+00
   -0.2873379078E-01
   -0.5590858927E+00
   -0.1857787189E+03
   -0.6898076019E+00
   -0.6051842401E-01
   -0.2011318068E+00
   -0.3203415303E+01
   -0.1448386923E+01
    0.3032061279E+00
   -0.7909764775E+00
   -0.2983417347E+01
   -0.6626069867E+00
   -0.6571870424E-01
   -0.1717760877E+00
   -0.6920972415E+01
   -0.1808262364E+01
   -0.3048679231E-01
    0.1190248133E+00
   -0.1383522011E+02
   -0.1515579058E+01
   -0.3176896008E-01
    0.6295023992E+00
   -0.6184036349E+02
   -0.1745813545E+01
    0.1720771414E+00
   -0.5228663762E-01
   -0.2745307166E+02
   -0.7225083612E+00
   -0.2537495139E+00
   -0.9138067739E+00
    0.6552898446E+02
   -0.6163485982E+00
   -0.4754627543E-01
   -0.5508804214E+00
    0.1487963673E+03
   -0.7546092426E+00
   -0.3574640321E-01
   -0.9806053806E+00
   -0.8837209763E+02
   -0.1617213176E+01
    0.2418610247E+00
   -0.8264702245E+00
   -0.6187171663E+01
   -0.1297887872E+01
   -0.4649367106E-01
    0.9371346986E+00
    0.6128767172E+02
   -0.6685046606E+00
   -0.3992472471E-01
   -0.5441325041E+00
   -0.2777725507E+02
   -0.7533385061E+00
   -0.6071448279E-01
   -0.8429223206E+00
   -0.1618714685E+02
   -0.6331180880E+00
   -0.2182635807E+00
   -0.6713646884E+00
    0.1135783101E+03
   -0.6537593107E+00
   -0.3602084269E-01
   -0.2966322367E-01
   -0.5839425565E+02
   -0.5554159483E+00
   -0.5260333097E-01
    0.1555740927E+00
   -0.1040172013E+03
   -0.5824153347E+00
   -0.4820847982E-01
    0.1322182859E+00
   -0.4814501118E+02
   -0.1546062106E+01
   -0.3010737444E-01
    0.6626539517E+00
   -0.2862319843E+02
   -0.6913731379E+00
   -0.4024234607E-01
   -0.9325401244E+00
   -0.7278837673E+02
   -0.6842073855E+00
    0.2152188014E+00
   -0.7118583090E+00
   -0.5311599261E+02
   -0.1458473684E+01
   -0.5344288824E-01
   -0.9688092887E+00
   -0.2729770454E+01
   -0.1415206232E+01
   -0.5637212634E-01
   -0.9993438002E+00
   -0.5897663657E+01
   -0.6359547525E+00
    0.1684590975E+00
   -0.6148591434E+00
   -0.5885011966E+03
