Descriptor coordinates by the model of dimension:     1
    0.1726779184E+01
   -0.1279823091E+01
   -0.2136638841E+01
    0.3339660770E+01
   -0.2387416742E+01
    0.4111710583E+01
   -0.9529423611E+00
    0.2423559467E+01
    0.4161440364E+01
   -0.1235801969E+01
    0.2598589853E+01
    0.3906640833E+01
   -0.1256513950E+01
    0.3102901900E+01
    0.4121730529E+01
   -0.1857062266E+01
    0.2715026956E+01
   -0.2273651336E+01
    0.3375159152E+01
   -0.9884069367E+00
    0.3996581835E+01
    0.3224352542E+01
    0.3681026142E+01
   -0.3994609454E+00
    0.2374196379E+01
   -0.1940954460E+01
    0.2844580835E+01
    0.2912051402E+01
    0.2844580835E+01
    0.3834739182E+01
    0.4190586996E+01
    0.3751000581E+01
Descriptor coordinates by the model of dimension:     2
    0.9002068076E+00
    0.7232861665E+00
    0.2653809270E+00
    0.7830784211E+00
    0.1698971773E+00
    0.5108074140E+00
    0.8520574577E+00
    0.7303578108E+00
    0.7246750141E-01
    0.3733896187E+00
    0.9258920940E+00
    0.5983123839E+00
    0.1304602125E+00
    0.1057573958E+01
    0.8933715314E+00
    0.7836520553E+00
    0.9330809268E+00
    0.5158446297E+00
    0.2209908417E+00
    0.9183386101E+00
    0.9088825643E+00
    0.5143308145E+00
    0.9326348801E+00
    0.5381508699E+00
    0.1854112848E+00
    0.9110212098E+00
    0.8609092273E+00
    0.6096666026E+00
    0.9330918158E+00
    0.5294324665E+00
    0.2134418807E+00
    0.6118404921E+00
    0.8773977570E+00
    0.8005072490E+00
    0.5601149930E-01
    0.4104643563E+00
    0.8976539938E+00
    0.6266255325E+00
    0.2384402485E+00
    0.9730961015E+00
    0.9327944168E+00
    0.5475601296E+00
    0.8506589447E+00
    0.7209246079E+00
    0.8473210272E+00
    0.7815542505E+00
    0.2544318480E+00
    0.5767264753E+00
    0.8561406221E+00
    0.4086036388E+00
    0.2605271285E+00
    0.6248250027E+00
    0.9181330264E+00
    0.6973451486E+00
    0.9328844967E+00
    0.6511852981E+00
    0.9181330264E+00
    0.6973451486E+00
    0.9034134786E+00
    0.7793703662E+00
    0.8900305596E+00
    0.8548834252E+00
    0.9309935816E+00
    0.7068328651E+00
Descriptor coordinates by the model of dimension:     3
   -0.4643838735E+01
   -0.3204321696E+00
    0.1957929819E+02
   -0.2058464489E+01
   -0.4385049622E+00
    0.9404750683E+02
   -0.1550927054E+01
   -0.1125681722E+00
    0.4926961447E+02
   -0.4860205564E+01
   -0.3310215850E+00
    0.1120310035E+02
   -0.1215897270E+01
    0.4284255957E-01
    0.1276946347E+03
   -0.5174997294E+01
   -0.1935388425E+00
    0.3749271137E+02
   -0.1973102425E+01
   -0.1065661189E+01
    0.1218776511E+03
   -0.4862765316E+01
   -0.4224174988E+00
    0.1434948397E+02
   -0.5067007597E+01
   -0.1197279935E+00
    0.7802371160E+02
   -0.1996358126E+01
   -0.7222327615E+00
    0.7447096805E+02
   -0.5085732110E+01
   -0.1193304477E+00
    0.1258597520E+02
   -0.5074660704E+01
   -0.1393267169E+00
    0.7742437707E+02
   -0.1992013632E+01
   -0.7058947534E+00
    0.7867141107E+02
   -0.4907017163E+01
   -0.1530457242E+00
    0.1136892494E+03
   -0.5072964713E+01
   -0.1316131853E+00
    0.7568148470E+02
   -0.2204652011E+01
   -0.2182672383E+00
    0.1671205431E+02
   -0.4929942549E+01
   -0.4921806447E+00
    0.7222057462E+02
   -0.1086710588E+01
    0.3086554751E-02
    0.1221477568E+03
   -0.4977030130E+01
   -0.2186216189E+00
    0.2271155319E+02
   -0.2010584307E+01
   -0.8492163662E+00
    0.1487940009E+03
   -0.5073488888E+01
   -0.1477344827E+00
    0.7587437397E+02
   -0.4833963606E+01
   -0.3191781536E+00
    0.1095795156E+02
   -0.4822824821E+01
   -0.4035460218E+00
    0.1999811765E+02
   -0.1967927754E+01
   -0.1783249415E+00
    0.9271881201E+02
   -0.4912971176E+01
    0.1837010478E+00
    0.5156542156E+02
   -0.2184436760E+01
   -0.2315834072E+00
    0.1572452382E+02
   -0.5184916314E+01
   -0.2914281380E+00
    0.1154416406E+02
   -0.5421745197E+01
   -0.2346346300E+00
    0.8354537189E+01
   -0.5184916314E+01
   -0.2914281380E+00
    0.1154416406E+02
   -0.5085963715E+01
   -0.4074530768E+00
    0.2778807788E+02
   -0.5069437192E+01
   -0.5750966542E+00
    0.5739793587E+02
   -0.5384255299E+01
   -0.2942322067E+00
    0.1792938625E+02
Descriptor coordinates by the model of dimension:     4
   -0.4643838735E+01
   -0.3204321696E+00
   -0.9275762031E+01
    0.1957929819E+02
   -0.2058464489E+01
   -0.4385049622E+00
   -0.5366633963E+01
    0.9404750683E+02
   -0.1550927054E+01
   -0.1125681722E+00
    0.3000976643E+01
    0.4926961447E+02
   -0.4860205564E+01
   -0.3310215850E+00
   -0.5366633963E+01
    0.1120310035E+02
   -0.1215897270E+01
    0.4284255957E-01
    0.3000976643E+01
    0.1276946347E+03
   -0.5174997294E+01
   -0.1935388425E+00
   -0.3038674914E+01
    0.3749271137E+02
   -0.1973102425E+01
   -0.1065661189E+01
   -0.5041208496E+01
    0.1218776511E+03
   -0.4862765316E+01
   -0.4224174988E+00
   -0.9275762031E+01
    0.1434948397E+02
   -0.5067007597E+01
   -0.1197279935E+00
   -0.3038674914E+01
    0.7802371160E+02
   -0.1996358126E+01
   -0.7222327615E+00
    0.3000976643E+01
    0.7447096805E+02
   -0.5085732110E+01
   -0.1193304477E+00
   -0.9275762031E+01
    0.1258597520E+02
   -0.5074660704E+01
   -0.1393267169E+00
    0.8111740210E+01
    0.7742437707E+02
   -0.1992013632E+01
   -0.7058947534E+00
   -0.5366633963E+01
    0.7867141107E+02
   -0.4907017163E+01
   -0.1530457242E+00
    0.8111740210E+01
    0.1136892494E+03
   -0.5072964713E+01
   -0.1316131853E+00
    0.3000976643E+01
    0.7568148470E+02
   -0.2204652011E+01
   -0.2182672383E+00
    0.8111740210E+01
    0.1671205431E+02
   -0.4929942549E+01
   -0.4921806447E+00
   -0.3780906372E+01
    0.7222057462E+02
   -0.1086710588E+01
    0.3086554751E-02
    0.8111740210E+01
    0.1221477568E+03
   -0.4977030130E+01
   -0.2186216189E+00
    0.8111740210E+01
    0.2271155319E+02
   -0.2010584307E+01
   -0.8492163662E+00
    0.4131380703E+01
    0.1487940009E+03
   -0.5073488888E+01
   -0.1477344827E+00
    0.8111740210E+01
    0.7587437397E+02
   -0.4833963606E+01
   -0.3191781536E+00
   -0.3038674914E+01
    0.1095795156E+02
   -0.4822824821E+01
   -0.4035460218E+00
    0.4131380703E+01
    0.1999811765E+02
   -0.1967927754E+01
   -0.1783249415E+00
    0.3000976643E+01
    0.9271881201E+02
   -0.4912971176E+01
    0.1837010478E+00
   -0.9275762031E+01
    0.5156542156E+02
   -0.2184436760E+01
   -0.2315834072E+00
   -0.5366633963E+01
    0.1572452382E+02
   -0.5184916314E+01
   -0.2914281380E+00
   -0.9275762031E+01
    0.1154416406E+02
   -0.5421745197E+01
   -0.2346346300E+00
   -0.9275762031E+01
    0.8354537189E+01
   -0.5184916314E+01
   -0.2914281380E+00
   -0.9275762031E+01
    0.1154416406E+02
   -0.5085963715E+01
   -0.4074530768E+00
   -0.5366633963E+01
    0.2778807788E+02
   -0.5069437192E+01
   -0.5750966542E+00
    0.9956119114E+01
    0.5739793587E+02
   -0.5384255299E+01
   -0.2942322067E+00
   -0.3038674914E+01
    0.1792938625E+02
