Predictions (y,pred,y-pred) by the model of dimension:     1
    0.7400000000E+03    0.7362621196E+03    0.3737880430E+01
    0.6380000000E+03    0.5391098026E+03    0.9889019741E+02
    0.6000000000E+03    0.5666919394E+03    0.3330806061E+02
    0.5240000000E+03    0.4729126743E+03    0.5108732574E+02
    0.5240000000E+03    0.4599610622E+03    0.6403893780E+02
    0.4920000000E+03    0.6091444456E+03   -0.1171444456E+03
    0.5160000000E+03    0.4719532956E+03    0.4404670441E+02
    0.3820000000E+03    0.4362164401E+03   -0.5421644008E+02
    0.5900000000E+03    0.5052917044E+03    0.8470829558E+02
    0.5240000000E+03    0.4700345382E+03    0.5396546175E+02
    0.6980000000E+03    0.8270433264E+03   -0.1290433264E+03
    0.9570000000E+03    0.9046330764E+03    0.5236692359E+02
    0.4490000000E+03    0.5117675105E+03   -0.6276751045E+02
    0.5350000000E+03    0.4534852562E+03    0.8151474384E+02
    0.5880000000E+03    0.5040924811E+03    0.8390751892E+02
    0.4110000000E+03    0.4664368682E+03   -0.5543686823E+02
    0.5500000000E+03    0.5249589672E+03    0.2504103281E+02
    0.4380000000E+03    0.4614001302E+03   -0.2340013020E+02
    0.3950000000E+03    0.5042124034E+03   -0.1092124034E+03
    0.4510000000E+03    0.5467848320E+03   -0.9578483196E+02
    0.5040000000E+03    0.4350172167E+03    0.6898278326E+02
    0.4770000000E+03    0.4448508481E+03    0.3214915188E+02
    0.5220000000E+03    0.4916205584E+03    0.3037944165E+02
    0.5500000000E+03    0.4585219942E+03    0.9147800581E+02
    0.5620000000E+03    0.5237597438E+03    0.3824025615E+02
    0.5630000000E+03    0.4988158984E+03    0.6418410161E+02
    0.3250000000E+03    0.4151101093E+03   -0.9011010931E+02
    0.6150000000E+03    0.5666919394E+03    0.4830806061E+02
    0.4190000000E+03    0.4706341499E+03   -0.5163414992E+02
    0.4910000000E+03    0.4244640514E+03    0.6653594865E+02
    0.5000000000E+03    0.6091444456E+03   -0.1091444456E+03
    0.4110000000E+03    0.4614001302E+03   -0.5040013020E+02
    0.5260000000E+03    0.5160847145E+03    0.9915285525E+01
    0.3850000000E+03    0.4622395865E+03   -0.7723958654E+02
    0.3850000000E+03    0.4099534489E+03   -0.2495344895E+02
    0.1086000000E+04    0.1089313471E+04   -0.3313470660E+01
    0.4900000000E+03    0.4614001302E+03    0.2859986980E+02
    0.5700000000E+03    0.5084096851E+03    0.6159031490E+02
    0.1002000000E+04    0.8676969976E+03    0.1343030024E+03
    0.5500000000E+03    0.4729126743E+03    0.7708732574E+02
    0.2450000000E+03    0.2397836571E+03    0.5216342900E+01
    0.4960000000E+03    0.4455703821E+03    0.5042961788E+02
    0.3620000000E+03    0.4099534489E+03   -0.4795344895E+02
    0.5630000000E+03    0.5084096851E+03    0.5459031490E+02
    0.5430000000E+03    0.5160847145E+03    0.2691528553E+02
    0.4630000000E+03    0.4297406340E+03    0.3325936595E+02
    0.8760000000E+03    0.1015441313E+04   -0.1394413130E+03
    0.3650000000E+03    0.4305800904E+03   -0.6558009038E+02
    0.5820000000E+03    0.5621348907E+03    0.1986510930E+02
    0.4190000000E+03    0.5042124034E+03   -0.8521240342E+02
    0.5230000000E+03    0.4402937994E+03    0.8270620057E+02
    0.5020000000E+03    0.5182433165E+03   -0.1624331649E+02
    0.3880000000E+03    0.4408934111E+03   -0.5289341110E+02
    0.4540000000E+03    0.4891021893E+03   -0.3510218934E+02
    0.5100000000E+03    0.5467848320E+03   -0.3678483196E+02
    0.4690000000E+03    0.4244640514E+03    0.4453594865E+02
    0.5760000000E+03    0.4748314316E+03    0.1011685684E+03
    0.4370000000E+03    0.5042124034E+03   -0.6721240342E+02
    0.4830000000E+03    0.4508469648E+03    0.3215303518E+02
    0.9860000000E+03    0.9046330764E+03    0.8136692359E+02
    0.3630000000E+03    0.4402937994E+03   -0.7729379943E+02
    0.6350000000E+03    0.5544598613E+03    0.8054013867E+02
    0.4900000000E+03    0.4599610622E+03    0.3003893780E+02
    0.4040000000E+03    0.4614001302E+03   -0.5740013020E+02
    0.5490000000E+03    0.5251988119E+03    0.2380118815E+02
    0.7810000000E+03    0.8369968801E+03   -0.5599688007E+02
    0.5350000000E+03    0.5007346557E+03    0.3426534427E+02
    0.5020000000E+03    0.4614001302E+03    0.4059986980E+02
    0.4960000000E+03    0.4436516248E+03    0.5234837522E+02
    0.3650000000E+03    0.4558837028E+03   -0.9088370284E+02
    0.4150000000E+03    0.5042124034E+03   -0.8921240342E+02
    0.5170000000E+03    0.4508469648E+03    0.6615303518E+02
    0.4120000000E+03    0.4748314316E+03   -0.6283143160E+02
    0.5650000000E+03    0.5621348907E+03    0.2865109296E+01
    0.5850000000E+03    0.4930596264E+03    0.9194037364E+02
    0.5370000000E+03    0.4988158984E+03    0.3818410161E+02
    0.4800000000E+03    0.4220656047E+03    0.5793439533E+02
    0.4950000000E+03    0.5959529889E+03   -0.1009529889E+03
    0.5310000000E+03    0.4585219942E+03    0.7247800581E+02
    0.4450000000E+03    0.5311949285E+03   -0.8619492855E+02
    0.5920000000E+03    0.4858642863E+03    0.1061357137E+03
    0.5830000000E+03    0.5467848320E+03    0.3621516804E+02
    0.4180000000E+03    0.4815470823E+03   -0.6354708230E+02
    0.4790000000E+03    0.4630790429E+03    0.1592095712E+02
    0.6250000000E+03    0.5467848320E+03    0.7821516804E+02
    0.4570000000E+03    0.4614001302E+03   -0.4400130203E+01
    0.5830000000E+03    0.4527657222E+03    0.1302342778E+03
    0.4110000000E+03    0.4614001302E+03   -0.5040013020E+02
Prediction RMSE and MaxAE:        67.7316668609      139.4413129592
Predictions (y,pred,y-pred) by the model of dimension:     2
    0.7400000000E+03    0.6695102130E+03    0.7048978699E+02
    0.6380000000E+03    0.6016537421E+03    0.3634625786E+02
    0.6000000000E+03    0.5793817789E+03    0.2061822108E+02
    0.5240000000E+03    0.5271119433E+03   -0.3111943319E+01
    0.5240000000E+03    0.5345231027E+03   -0.1052310266E+02
    0.4920000000E+03    0.5526783362E+03   -0.6067833616E+02
    0.5160000000E+03    0.5485800115E+03   -0.3258001154E+02
    0.3820000000E+03    0.3915071282E+03   -0.9507128186E+01
    0.5900000000E+03    0.5563930968E+03    0.3360690318E+02
    0.5240000000E+03    0.5204107816E+03    0.3589218424E+01
    0.6980000000E+03    0.7505479402E+03   -0.5254794016E+02
    0.9570000000E+03    0.9255109406E+03    0.3148905945E+02
    0.4490000000E+03    0.4448236798E+03    0.4176320222E+01
    0.5350000000E+03    0.5360667100E+03   -0.1066710031E+01
    0.5880000000E+03    0.5478926208E+03    0.4010737919E+02
    0.4110000000E+03    0.3921645738E+03    0.1883542616E+02
    0.5500000000E+03    0.5767670025E+03   -0.2676700245E+02
    0.4380000000E+03    0.3957435054E+03    0.4225649459E+02
    0.3950000000E+03    0.4261467630E+03   -0.3114676299E+02
    0.4510000000E+03    0.4715783970E+03   -0.2057839695E+02
    0.5040000000E+03    0.5231822152E+03   -0.1918221517E+02
    0.4770000000E+03    0.4535092711E+03    0.2349072894E+02
    0.5220000000E+03    0.5496730511E+03   -0.2767305115E+02
    0.5500000000E+03    0.5180666184E+03    0.3193338161E+02
    0.5620000000E+03    0.5694453864E+03   -0.7445386404E+01
    0.5630000000E+03    0.5675841144E+03   -0.4584114450E+01
    0.3250000000E+03    0.3496207724E+03   -0.2462077244E+02
    0.6150000000E+03    0.5685953630E+03    0.4640463703E+02
    0.4190000000E+03    0.4184680342E+03    0.5319658365E+00
    0.4910000000E+03    0.5001442357E+03   -0.9144235672E+01
    0.5000000000E+03    0.5963696666E+03   -0.9636966659E+02
    0.4110000000E+03    0.3984489832E+03    0.1255101680E+02
    0.5260000000E+03    0.5579588937E+03   -0.3195889368E+02
    0.3850000000E+03    0.4134952630E+03   -0.2849526296E+02
    0.3850000000E+03    0.3641439555E+03    0.2085604445E+02
    0.1086000000E+04    0.1074553562E+04    0.1144643848E+02
    0.4900000000E+03    0.4866125924E+03    0.3387407625E+01
    0.5700000000E+03    0.5642992797E+03    0.5700720299E+01
    0.1002000000E+04    0.8995846735E+03    0.1024153265E+03
    0.5500000000E+03    0.5298889994E+03    0.2011100061E+02
    0.2450000000E+03    0.2135958698E+03    0.3140413023E+02
    0.4960000000E+03    0.4832043208E+03    0.1279567921E+02
    0.3620000000E+03    0.3482646999E+03    0.1373530012E+02
    0.5630000000E+03    0.5594650483E+03    0.3534951672E+01
    0.5430000000E+03    0.5313565720E+03    0.1164342801E+02
    0.4630000000E+03    0.4871595172E+03   -0.2415951719E+02
    0.8760000000E+03    0.1011449852E+04   -0.1354498525E+03
    0.3650000000E+03    0.3643923498E+03    0.6076501672E+00
    0.5820000000E+03    0.6143724077E+03   -0.3237240774E+02
    0.4190000000E+03    0.4523378995E+03   -0.3333789948E+02
    0.5230000000E+03    0.4951541591E+03    0.2784584093E+02
    0.5020000000E+03    0.4603617512E+03    0.4163824884E+02
    0.3880000000E+03    0.3928856610E+03   -0.4885661026E+01
    0.4540000000E+03    0.4373900701E+03    0.1660992987E+02
    0.5100000000E+03    0.4781619791E+03    0.3183802086E+02
    0.4690000000E+03    0.4817797753E+03   -0.1277977529E+02
    0.5760000000E+03    0.5394336513E+03    0.3656634870E+02
    0.4370000000E+03    0.4452763535E+03   -0.8276353532E+01
    0.4830000000E+03    0.4796450369E+03    0.3354963074E+01
    0.9860000000E+03    0.9007060683E+03    0.8529393173E+02
    0.3630000000E+03    0.3806585982E+03   -0.1765859816E+02
    0.6350000000E+03    0.6018944710E+03    0.3310552897E+02
    0.4900000000E+03    0.5314499948E+03   -0.4144999483E+02
    0.4040000000E+03    0.3946367674E+03    0.9363232630E+01
    0.5490000000E+03    0.5560392116E+03   -0.7039211594E+01
    0.7810000000E+03    0.7627325406E+03    0.1826745935E+02
    0.5350000000E+03    0.5691828417E+03   -0.3418284173E+02
    0.5020000000E+03    0.5268667627E+03   -0.2486676270E+02
    0.4960000000E+03    0.4805735178E+03    0.1542648221E+02
    0.3650000000E+03    0.3873536193E+03   -0.2235361934E+02
    0.4150000000E+03    0.4531152005E+03   -0.3811520048E+02
    0.5170000000E+03    0.5231925299E+03   -0.6192529858E+01
    0.4120000000E+03    0.4283818993E+03   -0.1638189930E+02
    0.5650000000E+03    0.5758955843E+03   -0.1089558433E+02
    0.5850000000E+03    0.5726897673E+03    0.1231023268E+02
    0.5370000000E+03    0.5034498037E+03    0.3355019627E+02
    0.4800000000E+03    0.4788700726E+03    0.1129927448E+01
    0.4950000000E+03    0.5120218522E+03   -0.1702185224E+02
    0.5310000000E+03    0.5057206155E+03    0.2527938455E+02
    0.4450000000E+03    0.4520932130E+03   -0.7093213042E+01
    0.5920000000E+03    0.5373261644E+03    0.5467383557E+02
    0.5830000000E+03    0.5704067073E+03    0.1259329268E+02
    0.4180000000E+03    0.4113276443E+03    0.6672355653E+01
    0.4790000000E+03    0.4866917657E+03   -0.7691765698E+01
    0.6250000000E+03    0.6119756990E+03    0.1302430096E+02
    0.4570000000E+03    0.4944229696E+03   -0.3742296959E+02
    0.5830000000E+03    0.5245460425E+03    0.5845395748E+02
    0.4110000000E+03    0.3982125160E+03    0.1278748404E+02
Prediction RMSE and MaxAE:        34.5032968678      135.4498524798
Predictions (y,pred,y-pred) by the model of dimension:     3
    0.7400000000E+03    0.6804554082E+03    0.5954459180E+02
    0.6380000000E+03    0.5904183048E+03    0.4758169523E+02
    0.6000000000E+03    0.6138231077E+03   -0.1382310768E+02
    0.5240000000E+03    0.5150083520E+03    0.8991647996E+01
    0.5240000000E+03    0.5197020391E+03    0.4297960939E+01
    0.4920000000E+03    0.5374625657E+03   -0.4546256568E+02
    0.5160000000E+03    0.5228744973E+03   -0.6874497304E+01
    0.3820000000E+03    0.3791362142E+03    0.2863785833E+01
    0.5900000000E+03    0.5400226276E+03    0.4997737240E+02
    0.5240000000E+03    0.5441739499E+03   -0.2017394993E+02
    0.6980000000E+03    0.7723576988E+03   -0.7435769878E+02
    0.9570000000E+03    0.9108154924E+03    0.4618450756E+02
    0.4490000000E+03    0.4472911267E+03    0.1708873328E+01
    0.5350000000E+03    0.5021854469E+03    0.3281455311E+02
    0.5880000000E+03    0.5760483481E+03    0.1195165186E+02
    0.4110000000E+03    0.3987373936E+03    0.1226260635E+02
    0.5500000000E+03    0.6130127949E+03   -0.6301279494E+02
    0.4380000000E+03    0.3994686343E+03    0.3853136570E+02
    0.3950000000E+03    0.4347318340E+03   -0.3973183401E+02
    0.4510000000E+03    0.4755248868E+03   -0.2452488682E+02
    0.5040000000E+03    0.4822901894E+03    0.2170981061E+02
    0.4770000000E+03    0.4961441873E+03   -0.1914418730E+02
    0.5220000000E+03    0.5498553135E+03   -0.2785531350E+02
    0.5500000000E+03    0.5425299357E+03    0.7470064316E+01
    0.5620000000E+03    0.5589639782E+03    0.3036021818E+01
    0.5630000000E+03    0.5291932835E+03    0.3380671646E+02
    0.3250000000E+03    0.3527819047E+03   -0.2778190469E+02
    0.6150000000E+03    0.6069280596E+03    0.8071940416E+01
    0.4190000000E+03    0.4089059884E+03    0.1009401162E+02
    0.4910000000E+03    0.4781161075E+03    0.1288389246E+02
    0.5000000000E+03    0.5493666011E+03   -0.4936660111E+02
    0.4110000000E+03    0.4022479559E+03    0.8752044081E+01
    0.5260000000E+03    0.5430659848E+03   -0.1706598479E+02
    0.3850000000E+03    0.4030765081E+03   -0.1807650805E+02
    0.3850000000E+03    0.3547324115E+03    0.3026758854E+02
    0.1086000000E+04    0.1054757812E+04    0.3124218790E+02
    0.4900000000E+03    0.4916735994E+03   -0.1673599393E+01
    0.5700000000E+03    0.5730115467E+03   -0.3011546721E+01
    0.1002000000E+04    0.9053122640E+03    0.9668773601E+02
    0.5500000000E+03    0.5207749093E+03    0.2922509072E+02
    0.2450000000E+03    0.1976977999E+03    0.4730220011E+02
    0.4960000000E+03    0.4813418457E+03    0.1465815432E+02
    0.3620000000E+03    0.3487599856E+03    0.1324001441E+02
    0.5630000000E+03    0.5449865386E+03    0.1801346139E+02
    0.5430000000E+03    0.5568582560E+03   -0.1385825597E+02
    0.4630000000E+03    0.4756288066E+03   -0.1262880663E+02
    0.8760000000E+03    0.1006207111E+04   -0.1302071105E+03
    0.3650000000E+03    0.3670881741E+03   -0.2088174083E+01
    0.5820000000E+03    0.6120807394E+03   -0.3008073942E+02
    0.4190000000E+03    0.4413621772E+03   -0.2236217716E+02
    0.5230000000E+03    0.4897001824E+03    0.3329981764E+02
    0.5020000000E+03    0.4628984527E+03    0.3910154730E+02
    0.3880000000E+03    0.3834846218E+03    0.4515378159E+01
    0.4540000000E+03    0.4269282446E+03    0.2707175536E+02
    0.5100000000E+03    0.4789644521E+03    0.3103554792E+02
    0.4690000000E+03    0.4684152004E+03    0.5847996151E+00
    0.5760000000E+03    0.5323874703E+03    0.4361252973E+02
    0.4370000000E+03    0.4449998738E+03   -0.7999873825E+01
    0.4830000000E+03    0.4848159875E+03   -0.1815987477E+01
    0.9860000000E+03    0.1008355834E+04   -0.2235583354E+02
    0.3630000000E+03    0.3841768889E+03   -0.2117688891E+02
    0.6350000000E+03    0.5848715543E+03    0.5012844573E+02
    0.4900000000E+03    0.5109764486E+03   -0.2097644860E+02
    0.4040000000E+03    0.3992267016E+03    0.4773298411E+01
    0.5490000000E+03    0.5788651474E+03   -0.2986514741E+02
    0.7810000000E+03    0.7723410141E+03    0.8658985937E+01
    0.5350000000E+03    0.5481682415E+03   -0.1316824145E+02
    0.5020000000E+03    0.5123565145E+03   -0.1035651451E+02
    0.4960000000E+03    0.5044815617E+03   -0.8481561714E+01
    0.3650000000E+03    0.3899736975E+03   -0.2497369754E+02
    0.4150000000E+03    0.4415476684E+03   -0.2654766837E+02
    0.5170000000E+03    0.4854382331E+03    0.3156176687E+02
    0.4120000000E+03    0.4149484245E+03   -0.2948424530E+01
    0.5650000000E+03    0.5647382980E+03    0.2617020321E+00
    0.5850000000E+03    0.5382833635E+03    0.4671663652E+02
    0.5370000000E+03    0.5453686190E+03   -0.8368619010E+01
    0.4800000000E+03    0.5179421569E+03   -0.3794215692E+02
    0.4950000000E+03    0.5168760298E+03   -0.2187602976E+02
    0.5310000000E+03    0.5344810502E+03   -0.3481050247E+01
    0.4450000000E+03    0.4578067117E+03   -0.1280671171E+02
    0.5920000000E+03    0.5312674803E+03    0.6073251975E+02
    0.5830000000E+03    0.5741837706E+03    0.8816229388E+01
    0.4180000000E+03    0.4135496492E+03    0.4450350786E+01
    0.4790000000E+03    0.5183534063E+03   -0.3935340627E+02
    0.6250000000E+03    0.5729483339E+03    0.5205166605E+02
    0.4570000000E+03    0.4790278686E+03   -0.2202786862E+02
    0.5830000000E+03    0.5460690258E+03    0.3693097423E+02
    0.4110000000E+03    0.4013483237E+03    0.9651676261E+01
Prediction RMSE and MaxAE:        33.1770308571      130.2071105269
Predictions (y,pred,y-pred) by the model of dimension:     4
    0.7400000000E+03    0.7308485577E+03    0.9151442329E+01
    0.6380000000E+03    0.5944235492E+03    0.4357645080E+02
    0.6000000000E+03    0.5964993935E+03    0.3500606528E+01
    0.5240000000E+03    0.5386547955E+03   -0.1465479551E+02
    0.5240000000E+03    0.5233053372E+03    0.6946628146E+00
    0.4920000000E+03    0.5317355400E+03   -0.3973553995E+02
    0.5160000000E+03    0.5386343600E+03   -0.2263435999E+02
    0.3820000000E+03    0.3853950933E+03   -0.3395093276E+01
    0.5900000000E+03    0.5607248121E+03    0.2927518787E+02
    0.5240000000E+03    0.5362054117E+03   -0.1220541174E+02
    0.6980000000E+03    0.8114320857E+03   -0.1134320857E+03
    0.9570000000E+03    0.9581310802E+03   -0.1131080244E+01
    0.4490000000E+03    0.4509294208E+03   -0.1929420806E+01
    0.5350000000E+03    0.5310567907E+03    0.3943209335E+01
    0.5880000000E+03    0.5671874839E+03    0.2081251609E+02
    0.4110000000E+03    0.3912366186E+03    0.1976338140E+02
    0.5500000000E+03    0.5906877182E+03   -0.4068771820E+02
    0.4380000000E+03    0.4034879182E+03    0.3451208184E+02
    0.3950000000E+03    0.4280528488E+03   -0.3305284877E+02
    0.4510000000E+03    0.4695082652E+03   -0.1850826518E+02
    0.5040000000E+03    0.5107242241E+03   -0.6724224058E+01
    0.4770000000E+03    0.4904454679E+03   -0.1344546790E+02
    0.5220000000E+03    0.5560654701E+03   -0.3406547008E+02
    0.5500000000E+03    0.5335233257E+03    0.1647667425E+02
    0.5620000000E+03    0.5747758513E+03   -0.1277585134E+02
    0.5630000000E+03    0.5508893880E+03    0.1211061202E+02
    0.3250000000E+03    0.3563448242E+03   -0.3134482419E+02
    0.6150000000E+03    0.5950130476E+03    0.1998695240E+02
    0.4190000000E+03    0.4107035921E+03    0.8296407874E+01
    0.4910000000E+03    0.4927074356E+03   -0.1707435571E+01
    0.5000000000E+03    0.5355970673E+03   -0.3559706734E+02
    0.4110000000E+03    0.4089056795E+03    0.2094320491E+01
    0.5260000000E+03    0.5689826519E+03   -0.4298265191E+02
    0.3850000000E+03    0.4117552562E+03   -0.2675525623E+02
    0.3850000000E+03    0.3626989411E+03    0.2230105889E+02
    0.1086000000E+04    0.1015015040E+04    0.7098496002E+02
    0.4900000000E+03    0.4663433170E+03    0.2365668302E+02
    0.5700000000E+03    0.5688510517E+03    0.1148948336E+01
    0.1002000000E+04    0.9424891959E+03    0.5951080410E+02
    0.5500000000E+03    0.5329743238E+03    0.1702567623E+02
    0.2450000000E+03    0.2031660074E+03    0.4183399262E+02
    0.4960000000E+03    0.5050809739E+03   -0.9080973878E+01
    0.3620000000E+03    0.3471195580E+03    0.1488044202E+02
    0.5630000000E+03    0.5746185087E+03   -0.1161850875E+02
    0.5430000000E+03    0.5511220586E+03   -0.8122058595E+01
    0.4630000000E+03    0.5013460522E+03   -0.3834605221E+02
    0.8760000000E+03    0.9616223033E+03   -0.8562230335E+02
    0.3650000000E+03    0.3659921554E+03   -0.9921553833E+00
    0.5820000000E+03    0.5954122701E+03   -0.1341227013E+02
    0.4190000000E+03    0.4480276455E+03   -0.2902764555E+02
    0.5230000000E+03    0.5010553687E+03    0.2194463126E+02
    0.5020000000E+03    0.4749700939E+03    0.2702990613E+02
    0.3880000000E+03    0.3878978497E+03    0.1021503121E+00
    0.4540000000E+03    0.4310983038E+03    0.2290169619E+02
    0.5100000000E+03    0.4827010526E+03    0.2729894743E+02
    0.4690000000E+03    0.5020737301E+03   -0.3307373012E+02
    0.5760000000E+03    0.5410713724E+03    0.3492862765E+02
    0.4370000000E+03    0.4221702594E+03    0.1482974059E+02
    0.4830000000E+03    0.4564150859E+03    0.2658491415E+02
    0.9860000000E+03    0.9577219955E+03    0.2827800451E+02
    0.3630000000E+03    0.3943117488E+03   -0.3131174884E+02
    0.6350000000E+03    0.6032153253E+03    0.3178467468E+02
    0.4900000000E+03    0.5246427229E+03   -0.3464272294E+02
    0.4040000000E+03    0.4023876065E+03    0.1612393494E+01
    0.5490000000E+03    0.5838611710E+03   -0.3486117101E+02
    0.7810000000E+03    0.8179022920E+03   -0.3690229202E+02
    0.5350000000E+03    0.5598787583E+03   -0.2487875827E+02
    0.5020000000E+03    0.5174274703E+03   -0.1542747030E+02
    0.4960000000E+03    0.5133891003E+03   -0.1738910034E+02
    0.3650000000E+03    0.3915808595E+03   -0.2658085952E+02
    0.4150000000E+03    0.4454055522E+03   -0.3040555225E+02
    0.5170000000E+03    0.5094352288E+03    0.7564771235E+01
    0.4120000000E+03    0.4156638941E+03   -0.3663894146E+01
    0.5650000000E+03    0.5498352323E+03    0.1516476773E+02
    0.5850000000E+03    0.5652564720E+03    0.1974352798E+02
    0.5370000000E+03    0.5370813970E+03   -0.8139701481E-01
    0.4800000000E+03    0.4986070435E+03   -0.1860704354E+02
    0.4950000000E+03    0.5031628485E+03   -0.8162848484E+01
    0.5310000000E+03    0.5278060327E+03    0.3193967347E+01
    0.4450000000E+03    0.4471997335E+03   -0.2199733542E+01
    0.5920000000E+03    0.5404368200E+03    0.5156318000E+02
    0.5830000000E+03    0.5380253805E+03    0.4497461951E+02
    0.4180000000E+03    0.4125503939E+03    0.5449606092E+01
    0.4790000000E+03    0.5075157575E+03   -0.2851575754E+02
    0.6250000000E+03    0.5923435472E+03    0.3265645280E+02
    0.4570000000E+03    0.4643836454E+03   -0.7383645426E+01
    0.5830000000E+03    0.5414304786E+03    0.4156952137E+02
    0.4110000000E+03    0.4074025536E+03    0.3597446371E+01
Prediction RMSE and MaxAE:        29.6119335857      113.4320856877
