Descriptor coordinates by the model of dimension:     1
    0.2133068378E+01
    0.2049089160E+01
    0.1917397248E+01
    0.1882744962E+01
    0.2195136876E+01
    0.1980716010E+01
    0.1907076308E+01
    0.1998141600E+01
    0.1890724459E+01
    0.1849190618E+01
    0.2159365100E+01
    0.1895292206E+01
    0.1982565158E+01
    0.1864518876E+01
    0.1965653674E+01
    0.1911712709E+01
    0.1953060978E+01
    0.1819342954E+01
    0.1880620179E+01
    0.1989872924E+01
    0.1955606301E+01
    0.1967479580E+01
    0.1910494524E+01
    0.1853055629E+01
    0.2123097215E+01
    0.1938342832E+01
    0.1911613491E+01
    0.2185063890E+01
    0.2191937128E+01
Descriptor coordinates by the model of dimension:     2
   -0.7175708511E+00
    0.2003493378E+03
   -0.8781309912E+01
    0.1592520674E+03
   -0.1380026297E+02
    0.9238664111E+02
   -0.6062764133E+01
    0.8298916047E+02
   -0.3101692465E+00
    0.2346230475E+03
   -0.1156701699E+02
    0.1118026414E+03
   -0.1953490000E+02
    0.9863755270E+02
   -0.1089670906E+02
    0.1311198069E+03
    0.3082377974E+01
    0.1016923469E+03
    0.2160080669E+01
    0.7647476434E+02
    0.1745800343E+01
    0.2375742421E+03
   -0.8204178412E+01
    0.9987826037E+02
   -0.4329740287E+01
    0.1343719179E+03
   -0.2491413671E+01
    0.8865123845E+02
    0.5477647957E+00
    0.1359109647E+03
    0.7061986151E+01
    0.9717197934E+02
    0.2011966380E+01
    0.1209757406E+03
    0.5607308905E+01
    0.6900143169E+02
   -0.6287395775E+01
    0.8307219114E+02
   -0.1288623812E+01
    0.1298655910E+03
    0.6566367069E+00
    0.1291532908E+03
    0.5799045108E+01
    0.1280414304E+03
   -0.1848937775E+02
    0.9898338899E+02
    0.3536563032E+01
    0.8633283515E+02
    0.1053514343E+01
    0.1999624204E+03
   -0.4716218864E+01
    0.1115792596E+03
    0.6971919399E+01
    0.9795247298E+02
   -0.7572870019E+00
    0.2159742852E+03
   -0.1926293593E+01
    0.2140392374E+03
Descriptor coordinates by the model of dimension:     3
    0.2432867860E+04
   -0.7175708511E+00
   -0.8636207373E+00
    0.1997695439E+04
   -0.8781309912E+01
   -0.4704785354E+00
    0.1310311575E+04
   -0.1380026297E+02
   -0.8620420544E+00
    0.1165346418E+04
   -0.6062764133E+01
   -0.4585231959E+00
    0.2762152490E+04
   -0.3101692465E+00
   -0.2697517314E+00
    0.1524524540E+04
   -0.1156701699E+02
   -0.6753316419E+00
    0.1352100540E+04
   -0.1953490000E+02
   -0.6362927771E+00
    0.1725181431E+04
   -0.1089670906E+02
   -0.5547087376E+00
    0.1384532573E+04
    0.3082377974E+01
   -0.6362927771E+00
    0.1116502007E+04
    0.2160080669E+01
   -0.8197395640E+00
    0.2783548949E+04
    0.1745800343E+01
   -0.1880677116E+00
    0.1365330393E+04
   -0.8204178412E+01
   -0.6362927771E+00
    0.1755396605E+04
   -0.4329740287E+01
   -0.5547087376E+00
    0.1219267844E+04
   -0.2491413671E+01
   -0.4585231959E+00
    0.1653537438E+04
    0.5477647957E+00
    0.1850750872E+00
    0.1361528235E+04
    0.7061986151E+01
   -0.3481005020E+00
    0.1599113885E+04
    0.2011966380E+01
   -0.8122707887E+00
    0.1033224528E+04
    0.5607308905E+01
   -0.4826444595E+00
    0.1166151308E+04
   -0.6287395775E+01
   -0.4585231959E+00
    0.1608011465E+04
   -0.1288623812E+01
   -0.3440281975E+00
    0.1602565618E+04
    0.6566367069E+00
    0.1850750872E+00
    0.1688644214E+04
    0.5799045108E+01
   -0.2712572923E+00
    0.1355796244E+04
   -0.1848937775E+02
   -0.6362927771E+00
    0.1197422122E+04
    0.3536563032E+01
    0.1298405099E+00
    0.2402521959E+04
    0.1053514343E+01
   -0.2747169434E+00
    0.1522288348E+04
   -0.4716218864E+01
   -0.6753316419E+00
    0.1369762225E+04
    0.6971919399E+01
   -0.3481005020E+00
    0.2603357469E+04
   -0.7572870019E+00
   -0.5728037854E+00
    0.2589018323E+04
   -0.1926293593E+01
   -0.5728037854E+00
Descriptor coordinates by the model of dimension:     4
    0.3837520752E+01
    0.6986000460E-01
   -0.7175708511E+00
    0.3911203636E+00
    0.3442562913E+01
    0.4258416681E-01
   -0.8781309912E+01
    0.1353034095E+00
    0.3098557500E+01
    0.6445232025E-01
   -0.1380026297E+02
    0.3053061064E+00
    0.3013593143E+01
    0.6427405659E-01
   -0.6062764133E+01
    0.4674796465E+00
    0.3916076399E+01
    0.5002501081E-01
   -0.3101692465E+00
   -0.1304554633E+01
    0.3210287692E+01
    0.5358015934E-01
   -0.1156701699E+02
    0.2396005871E+00
    0.3086445816E+01
    0.4579804208E-01
   -0.1953490000E+02
    0.1150504711E+00
    0.3313373486E+01
    0.4658169716E-01
   -0.1089670906E+02
    0.2142337582E+00
    0.3098953048E+01
    0.5658371375E-01
    0.3082377974E+01
    0.1325330008E+00
    0.2990741108E+01
    0.7478610153E-01
    0.2160080669E+01
    0.1281699110E+00
    0.3924627501E+01
    0.5234031774E-01
    0.1745800343E+01
    0.1729731696E+01
    0.3091548098E+01
    0.5283130165E-01
   -0.8204178412E+01
    0.1276995956E+00
    0.3325560941E+01
    0.5266839945E-01
   -0.4329740287E+01
    0.2087942790E+00
    0.3044759289E+01
    0.6893256251E-01
   -0.2491413671E+01
    0.4894538439E+00
    0.3444363232E+01
    0.7955480914E-01
    0.5477647957E+00
    0.1920960961E+01
    0.3120080535E+01
    0.7867582567E-01
    0.7061986151E+01
    0.1998556239E+01
    0.3230018605E+01
    0.6077127068E-01
    0.2011966380E+01
    0.1360463829E+00
    0.2955518496E+01
    0.7878242474E-01
    0.5607308905E+01
    0.6667035919E+00
    0.3014058952E+01
    0.6250561561E-01
   -0.6287395775E+01
    0.4656817576E+00
    0.3416955840E+01
    0.7442664232E-01
   -0.1288623812E+01
    0.4081684658E+00
    0.3413675282E+01
    0.7737021106E-01
    0.6566367069E+00
    0.2624611200E+01
    0.3288126154E+01
    0.6166958330E-01
    0.5799045108E+01
    0.1410972974E+01
    0.3087871145E+01
    0.4784755447E-01
   -0.1848937775E+02
    0.1185726867E+00
    0.3032142241E+01
    0.7457617641E-01
    0.3536563032E+01
    0.3173254943E+01
    0.3789268534E+01
    0.7432630281E-01
    0.1053514343E+01
    0.2542221256E+01
    0.3209366876E+01
    0.6036218034E-01
   -0.4716218864E+01
    0.2414371168E+00
    0.3123538828E+01
    0.7968459995E-01
    0.6971919399E+01
    0.2055678310E+01
    0.3939282680E+01
    0.6477332101E-01
   -0.7572870019E+00
    0.4442944227E+00
    0.3933063540E+01
    0.6422668465E-01
   -0.1926293593E+01
    0.4404309929E+00
