Descriptor coordinates by the model of dimension:     1
    0.1932524390E+03
    0.5241888492E+02
    0.1565562469E+03
    0.5063171216E+02
    0.4698439365E+02
    0.4338558650E+02
    0.1588188240E+03
    0.5844521698E+02
    0.5659790258E+02
    0.8074776546E+02
    0.5053324253E+02
    0.4778853601E+02
    0.5544796823E+02
    0.4934753669E+02
    0.7335053784E+02
    0.5936196547E+02
    0.7686628097E+02
    0.8140396496E+02
    0.6422668644E+02
    0.4879697506E+02
    0.6876115150E+02
    0.7490882796E+02
    0.6641995839E+02
    0.4491618267E+02
    0.6058713195E+02
    0.1742471057E+03
    0.1391695920E+03
    0.1717498943E+03
    0.7230447130E+02
    0.1211312154E+03
    0.5393347050E+02
    0.5944138019E+02
    0.5094389786E+02
    0.7594231787E+02
    0.1574569350E+03
    0.3922256580E+02
    0.5482935457E+02
    0.1993712255E+03
    0.6051569827E+02
    0.1712931943E+03
    0.5435374640E+02
    0.1946224746E+03
    0.5847260987E+02
    0.5903680802E+02
    0.5393347050E+02
Descriptor coordinates by the model of dimension:     2
   -0.4393761843E+01
   -0.1774420547E+01
   -0.3503088821E+00
   -0.1852587817E+01
   -0.3712524603E+01
   -0.1219501326E+01
   -0.2060330141E+00
   -0.5822028784E+00
   -0.1886657364E+00
   -0.1443269644E+01
   -0.2030301985E+00
   -0.7600013623E+00
   -0.2795968573E+01
   -0.7083433042E+00
   -0.2798093766E+00
   -0.7428101472E+00
   -0.1229677164E+00
   -0.5904831611E+00
   -0.7171308946E+00
   -0.8166509560E+00
   -0.2080453905E+00
   -0.8564720464E+00
   -0.2153402306E+00
   -0.1014149140E+01
   -0.2422021290E+00
   -0.4985330037E+00
   -0.2101819004E+00
   -0.6031203471E+00
   -0.7783606786E+00
   -0.8599813750E+00
   -0.1391806603E+00
   -0.5668638346E+00
   -0.7350891031E+00
   -0.1020813695E+01
   -0.5834808822E+00
   -0.7983332337E+00
   -0.4018938194E+00
   -0.1053252036E+01
   -0.3285669506E+00
   -0.1225082407E+01
   -0.6717893720E+00
   -0.1466947088E+01
   -0.6539395598E+00
   -0.1300592263E+01
   -0.4085257603E+00
   -0.7725385229E+00
   -0.1790741917E+00
   -0.1014511531E+01
   -0.6780159255E+00
   -0.1263609522E+01
   -0.3916658558E+01
   -0.1186509134E+01
   -0.2622238358E+01
   -0.8104189768E+00
   -0.3862570254E+01
   -0.1194635908E+01
   -0.4907575363E+00
   -0.6707311206E+00
   -0.2485331695E+01
   -0.8970286385E+00
   -0.3931346987E+00
   -0.1981134727E+01
   -0.3913680022E+00
   -0.9162666202E+00
   -0.1207943413E+00
   -0.6471695445E+00
   -0.7509501592E+00
   -0.9225131169E+00
   -0.3740451336E+01
   -0.1267776882E+01
   -0.1283590782E+00
   -0.1085884202E+01
   -0.2377085847E+00
   -0.8220035371E+00
   -0.4448343652E+01
   -0.1806565847E+01
   -0.3315467909E+00
   -0.9403720465E+00
   -0.3503666861E+01
   -0.9223889497E+00
   -0.2487176082E+00
   -0.6984325616E+00
   -0.4532890341E+01
   -0.1986579525E+01
   -0.1490502294E+00
   -0.5999308916E+00
   -0.2718422841E+00
   -0.5862755079E+00
   -0.3931346987E+00
   -0.1981134727E+01
Descriptor coordinates by the model of dimension:     3
   -0.4393761843E+01
   -0.1774420547E+01
    0.5415481673E+00
   -0.3503088821E+00
   -0.1852587817E+01
    0.9821109998E+00
   -0.3712524603E+01
   -0.1219501326E+01
    0.7357576500E+00
   -0.2060330141E+00
   -0.5822028784E+00
    0.6600082422E+00
   -0.1886657364E+00
   -0.1443269644E+01
    0.9724521574E+00
   -0.2030301985E+00
   -0.7600013623E+00
    0.8825437380E+00
   -0.2795968573E+01
   -0.7083433042E+00
    0.6457427874E+00
   -0.2798093766E+00
   -0.7428101472E+00
    0.7529340548E+00
   -0.1229677164E+00
   -0.5904831611E+00
    0.5920381765E+00
   -0.7171308946E+00
   -0.8166509560E+00
    0.5536520302E+00
   -0.2080453905E+00
   -0.8564720464E+00
    0.9305732343E+00
   -0.2153402306E+00
   -0.1014149140E+01
    0.5874394456E+00
   -0.2422021290E+00
   -0.4985330037E+00
    0.8299976423E+00
   -0.2101819004E+00
   -0.6031203471E+00
    0.8825437380E+00
   -0.7783606786E+00
   -0.8599813750E+00
    0.9662988642E+00
   -0.1391806603E+00
   -0.5668638346E+00
    0.9948827983E+00
   -0.7350891031E+00
   -0.1020813695E+01
    0.5536520302E+00
   -0.5834808822E+00
   -0.7983332337E+00
    0.5920381765E+00
   -0.4018938194E+00
   -0.1053252036E+01
    0.8678994282E+00
   -0.3285669506E+00
   -0.1225082407E+01
    0.7529340548E+00
   -0.6717893720E+00
   -0.1466947088E+01
    0.7708122032E+00
   -0.6539395598E+00
   -0.1300592263E+01
    0.9821109998E+00
   -0.4085257603E+00
   -0.7725385229E+00
    0.9724521574E+00
   -0.1790741917E+00
   -0.1014511531E+01
    0.7154842485E+00
   -0.6780159255E+00
   -0.1263609522E+01
    0.9724521574E+00
   -0.3916658558E+01
   -0.1186509134E+01
    0.6031675361E+00
   -0.2622238358E+01
   -0.8104189768E+00
    0.6457427874E+00
   -0.3862570254E+01
   -0.1194635908E+01
    0.4183648419E+00
   -0.4907575363E+00
   -0.6707311206E+00
    0.6192323651E+00
   -0.2485331695E+01
   -0.8970286385E+00
    0.8601713726E+00
   -0.3931346987E+00
   -0.1981134727E+01
    0.9821109998E+00
   -0.3913680022E+00
   -0.9162666202E+00
    0.6192323651E+00
   -0.1207943413E+00
   -0.6471695445E+00
    0.5920381765E+00
   -0.7509501592E+00
   -0.9225131169E+00
    0.9821109998E+00
   -0.3740451336E+01
   -0.1267776882E+01
    0.9621903702E+00
   -0.1283590782E+00
   -0.1085884202E+01
    0.6813765137E+00
   -0.2377085847E+00
   -0.8220035371E+00
    0.5053072417E+00
   -0.4448343652E+01
   -0.1806565847E+01
    0.9105262951E+00
   -0.3315467909E+00
   -0.9403720465E+00
    0.5053072417E+00
   -0.3503666861E+01
   -0.9223889497E+00
    0.6031675361E+00
   -0.2487176082E+00
   -0.6984325616E+00
    0.9305732343E+00
   -0.4532890341E+01
   -0.1986579525E+01
    0.6911194542E+00
   -0.1490502294E+00
   -0.5999308916E+00
    0.9948827983E+00
   -0.2718422841E+00
   -0.5862755079E+00
    0.7154842485E+00
   -0.3931346987E+00
   -0.1981134727E+01
    0.7708122032E+00
Descriptor coordinates by the model of dimension:     4
   -0.4393761843E+01
   -0.1774420547E+01
    0.5415481673E+00
    0.2499393809E-03
   -0.3503088821E+00
   -0.1852587817E+01
    0.9821109998E+00
    0.4349616833E+01
   -0.3712524603E+01
   -0.1219501326E+01
    0.7357576500E+00
    0.2195193473E-01
   -0.2060330141E+00
   -0.5822028784E+00
    0.6600082422E+00
    0.6234825595E-03
   -0.1886657364E+00
   -0.1443269644E+01
    0.9724521574E+00
    0.2019083127E+01
   -0.2030301985E+00
   -0.7600013623E+00
    0.8825437380E+00
    0.4416558475E-02
   -0.2795968573E+01
   -0.7083433042E+00
    0.6457427874E+00
    0.5255862025E-03
   -0.2798093766E+00
   -0.7428101472E+00
    0.7529340548E+00
    0.4293461591E-01
   -0.1229677164E+00
   -0.5904831611E+00
    0.5920381765E+00
    0.2299662541E-02
   -0.7171308946E+00
   -0.8166509560E+00
    0.5536520302E+00
    0.1135872681E-01
   -0.2080453905E+00
   -0.8564720464E+00
    0.9305732343E+00
    0.2257651388E-01
   -0.2153402306E+00
   -0.1014149140E+01
    0.5874394456E+00
    0.2748517455E-02
   -0.2422021290E+00
   -0.4985330037E+00
    0.8299976423E+00
    0.5451556459E+00
   -0.2101819004E+00
   -0.6031203471E+00
    0.8825437380E+00
    0.5917128852E-02
   -0.7783606786E+00
   -0.8599813750E+00
    0.9662988642E+00
    0.2517195698E-01
   -0.1391806603E+00
   -0.5668638346E+00
    0.9948827983E+00
    0.2282977401E-03
   -0.7350891031E+00
   -0.1020813695E+01
    0.5536520302E+00
    0.1055549937E-01
   -0.5834808822E+00
   -0.7983332337E+00
    0.5920381765E+00
    0.2281870268E-02
   -0.4018938194E+00
   -0.1053252036E+01
    0.8678994282E+00
    0.4173000478E-01
   -0.3285669506E+00
   -0.1225082407E+01
    0.7529340548E+00
    0.1802865288E-01
   -0.6717893720E+00
   -0.1466947088E+01
    0.7708122032E+00
    0.8797601873E-01
   -0.6539395598E+00
   -0.1300592263E+01
    0.9821109998E+00
    0.6082559852E+01
   -0.4085257603E+00
   -0.7725385229E+00
    0.9724521574E+00
    0.3778222344E+01
   -0.1790741917E+00
   -0.1014511531E+01
    0.7154842485E+00
    0.1615354182E-02
   -0.6780159255E+00
   -0.1263609522E+01
    0.9724521574E+00
    0.1319401153E+01
   -0.3916658558E+01
   -0.1186509134E+01
    0.6031675361E+00
    0.7572572620E-01
   -0.2622238358E+01
   -0.8104189768E+00
    0.6457427874E+00
    0.4071397650E-03
   -0.3862570254E+01
   -0.1194635908E+01
    0.4183648419E+00
    0.7126350991E-02
   -0.4907575363E+00
   -0.6707311206E+00
    0.6192323651E+00
    0.6297742031E-01
   -0.2485331695E+01
   -0.8970286385E+00
    0.8601713726E+00
    0.2356334212E+00
   -0.3931346987E+00
   -0.1981134727E+01
    0.9821109998E+00
    0.4809902765E+01
   -0.3913680022E+00
   -0.9162666202E+00
    0.6192323651E+00
    0.4549254506E-01
   -0.1207943413E+00
   -0.6471695445E+00
    0.5920381765E+00
    0.1591452251E-02
   -0.7509501592E+00
   -0.9225131169E+00
    0.9821109998E+00
    0.8019924999E+01
   -0.3740451336E+01
   -0.1267776882E+01
    0.9621903702E+00
    0.3953159627E+01
   -0.1283590782E+00
   -0.1085884202E+01
    0.6813765137E+00
    0.1640782189E+01
   -0.2377085847E+00
   -0.8220035371E+00
    0.5053072417E+00
    0.1062150913E+01
   -0.4448343652E+01
   -0.1806565847E+01
    0.9105262951E+00
    0.1777507305E-01
   -0.3315467909E+00
   -0.9403720465E+00
    0.5053072417E+00
    0.7217304350E+00
   -0.3503666861E+01
   -0.9223889497E+00
    0.6031675361E+00
    0.5283394916E-01
   -0.2487176082E+00
   -0.6984325616E+00
    0.9305732343E+00
    0.2677964785E-01
   -0.4532890341E+01
   -0.1986579525E+01
    0.6911194542E+00
    0.1560500240E-02
   -0.1490502294E+00
   -0.5999308916E+00
    0.9948827983E+00
    0.1881913877E-03
   -0.2718422841E+00
   -0.5862755079E+00
    0.7154842485E+00
    0.2590372237E-02
   -0.3931346987E+00
   -0.1981134727E+01
    0.7708122032E+00
    0.7515473071E-01
