Version SISSO.3.0.2, June, 2020.
================================================================================

Reading data from train.dat ...
Reading parameters from SISSO.in: 
--------------------------------------------------------------------------------
Restarts :     F
Descriptor dimension:        4
Property type:     1
Total number of properties:        1
Task_weighting:        1
Number of samples for each property:      176
Number of scalar features:       18
Number of recursive calls for feature transformation (rung of the feature space):        3
Max feature complexity (number of operators in a feature):        3
Number of dimension(unit)-type (for dimension analysis):       18
Dimension type for each primary feature: 
  1.00  0.00  0.00  0.00  0.00  0.00  0.00  0.00  0.00  0.00  0.00  0.00  0.00  0.00  0.00  0.00  0.00  0.00
  0.00  1.00  0.00  0.00  0.00  0.00  0.00  0.00  0.00  0.00  0.00  0.00  0.00  0.00  0.00  0.00  0.00  0.00
  0.00  0.00  1.00  0.00  0.00  0.00  0.00  0.00  0.00  0.00  0.00  0.00  0.00  0.00  0.00  0.00  0.00  0.00
  0.00  0.00  0.00  1.00  0.00  0.00  0.00  0.00  0.00  0.00  0.00  0.00  0.00  0.00  0.00  0.00  0.00  0.00
  0.00  0.00  0.00  0.00  1.00  0.00  0.00  0.00  0.00  0.00  0.00  0.00  0.00  0.00  0.00  0.00  0.00  0.00
  0.00  0.00  0.00  0.00  0.00  1.00  0.00  0.00  0.00  0.00  0.00  0.00  0.00  0.00  0.00  0.00  0.00  0.00
  0.00  0.00  0.00  0.00  0.00  0.00  1.00  0.00  0.00  0.00  0.00  0.00  0.00  0.00  0.00  0.00  0.00  0.00
  0.00  0.00  0.00  0.00  0.00  0.00  0.00  1.00  0.00  0.00  0.00  0.00  0.00  0.00  0.00  0.00  0.00  0.00
  0.00  0.00  0.00  0.00  0.00  0.00  0.00  0.00  1.00  0.00  0.00  0.00  0.00  0.00  0.00  0.00  0.00  0.00
  0.00  0.00  0.00  0.00  0.00  0.00  0.00  0.00  0.00  1.00  0.00  0.00  0.00  0.00  0.00  0.00  0.00  0.00
  0.00  0.00  0.00  0.00  0.00  0.00  0.00  0.00  0.00  0.00  1.00  0.00  0.00  0.00  0.00  0.00  0.00  0.00
  0.00  0.00  0.00  0.00  0.00  0.00  0.00  0.00  0.00  0.00  0.00  1.00  0.00  0.00  0.00  0.00  0.00  0.00
  0.00  0.00  0.00  0.00  0.00  0.00  0.00  0.00  0.00  0.00  0.00  0.00  1.00  0.00  0.00  0.00  0.00  0.00
  0.00  0.00  0.00  0.00  0.00  0.00  0.00  0.00  0.00  0.00  0.00  0.00  0.00  1.00  0.00  0.00  0.00  0.00
  0.00  0.00  0.00  0.00  0.00  0.00  0.00  0.00  0.00  0.00  0.00  0.00  0.00  0.00  1.00  0.00  0.00  0.00
  0.00  0.00  0.00  0.00  0.00  0.00  0.00  0.00  0.00  0.00  0.00  0.00  0.00  0.00  0.00  1.00  0.00  0.00
  0.00  0.00  0.00  0.00  0.00  0.00  0.00  0.00  0.00  0.00  0.00  0.00  0.00  0.00  0.00  0.00  1.00  0.00
  0.00  0.00  0.00  0.00  0.00  0.00  0.00  0.00  0.00  0.00  0.00  0.00  0.00  0.00  0.00  0.00  0.00  1.00
Lower bound of the max abs. data value for the selected features:     0.10000E-02
Upper bound of the max abs. data value for the selected features:     0.10000E+06
Size of the SIS-selected (single) subspace :     1000    1000    1000    1000
Operators for feature construction: (+)(-)(*)(/)(exp)(exp-)(^-1)(^2)(^3)(sqrt)(cbrt)(log)(|-|)(^6)(sin)(cos) (+)(-)(*)(/)(exp)(exp-)(^-1)(^2)(^3)(sqrt)(cbrt)(log)(|-|)(^6)(sin)(cos) (+)(-)(*)(/)(exp)(exp-)(^-1)(^2)(^3)(sqrt)(cbrt)(log)(|-|)(^6)(sin)(cos) 
Method for sparsification:  L0        
Number of the top ranked models to output:      100
Fitting intercept?      T
Metric for model selection: RMSE
--------------------------------------------------------------------------------

Feature Construction and Descriptor Identification (FCDI) starts ...

iteration:   1
--------------------------------------------------------------------------------
FC starts ...
Standard Deviation (SD) of property 001:    0.58197
Total number of features in the space phi00:             18
Total number of features in the space phi01:            673
Total number of features in the space phi02:         228182
Total number of features in the space phi03:        1576183
Size of the SIS-selected subspace from phi03:       1000
Wall-clock time (second) for this FC:          159.01
FC done!

DI starts ...
total number of SIS-selected features from all iterations:       1000
L0 starts ...

Model/descriptor for generating residual:
================================================================================
  1D descriptor (model): 
Total RMSE,MaxAE:   0.156660  0.600933
@@@descriptor: 
                      1:[((CN*IP_eV)/cbrt(DOS_d_eV^(-1)))]
       coefficients_001:     0.1233851474E-01
          Intercept_001:     0.2653135861E+00
         RMSE,MaxAE_001:     0.1566596853E+00    0.6009331914E+00
================================================================================
Wall-clock time (second) for this DI:            7.73
DI done!

iteration:   2
--------------------------------------------------------------------------------
FC starts ...
File containing the features to be rejected: feature_space/Uspace.name
Total number of features in the space phi00:             18
Total number of features in the space phi01:            673
Total number of features in the space phi02:         228182
Total number of features in the space phi03:        1576183
Size of the SIS-selected subspace from phi03:       1000
Wall-clock time (second) for this FC:          152.33
FC done!

DI starts ...
total number of SIS-selected features from all iterations:       2000
L0 starts ...

Model/descriptor for generating residual:
================================================================================
  2D descriptor (model): 
Total RMSE,MaxAE:   0.127219  0.375019
@@@descriptor: 
                     17:[((f_sp*epsilon_d_eV)/exp(DOS_d_eV^(-1)))]
                   1284:[((V_ad^2*DOS_sp_eV^(-1))/cos(PE))]
       coefficients_001:    -0.4567382900E+00    0.3034885052E+00
          Intercept_001:     0.1098253359E+01
         RMSE,MaxAE_001:     0.1272189912E+00    0.3750186330E+00
================================================================================
Wall-clock time (second) for this DI:            8.09
DI done!

iteration:   3
--------------------------------------------------------------------------------
FC starts ...
File containing the features to be rejected: feature_space/Uspace.name
Total number of features in the space phi00:             18
Total number of features in the space phi01:            673
Total number of features in the space phi02:         228182
Total number of features in the space phi03:        1576183
Size of the SIS-selected subspace from phi03:       1000
Wall-clock time (second) for this FC:          151.40
FC done!

DI starts ...
total number of SIS-selected features from all iterations:       3000
L0 starts ...

Model/descriptor for generating residual:
================================================================================
  3D descriptor (model): 
Total RMSE,MaxAE:   0.111509  0.328953
@@@descriptor: 
                     17:[((f_sp*epsilon_d_eV)/exp(DOS_d_eV^(-1)))]
                   1284:[((V_ad^2*DOS_sp_eV^(-1))/cos(PE))]
                   2003:[sin((bulk_nnd_Ang/(EA_eV*site_no)))]
       coefficients_001:    -0.4602505008E+00    0.2825602622E+00   -0.1818951785E+00
          Intercept_001:     0.1201232694E+01
         RMSE,MaxAE_001:     0.1115092994E+00    0.3289532521E+00
================================================================================
Wall-clock time (second) for this DI:           35.84
DI done!

iteration:   4
--------------------------------------------------------------------------------
FC starts ...
File containing the features to be rejected: feature_space/Uspace.name
Total number of features in the space phi00:             18
Total number of features in the space phi01:            673
Total number of features in the space phi02:         228182
Total number of features in the space phi03:        1576183
Size of the SIS-selected subspace from phi03:       1000
Wall-clock time (second) for this FC:          148.37
FC done!

DI starts ...
total number of SIS-selected features from all iterations:       4000
L0 starts ...

Final model/descriptor to report
================================================================================
  4D descriptor (model): 
Total RMSE,MaxAE:   0.104211  0.323612
@@@descriptor: 
                     17:[((f_sp*epsilon_d_eV)/exp(DOS_d_eV^(-1)))]
                   1284:[((V_ad^2*DOS_sp_eV^(-1))/cos(PE))]
                   2003:[sin((bulk_nnd_Ang/(EA_eV*site_no)))]
                   2056:[(((f_sp*r_d_Ang)/site_no))^6]
       coefficients_001:    -0.4618035380E+00    0.2691671159E+00   -0.1628276676E+00   -0.3155123767E-01
          Intercept_001:     0.1187515397E+01
         RMSE,MaxAE_001:     0.1042105178E+00    0.3236117152E+00
================================================================================
Wall-clock time (second) for this DI:         8990.35
DI done!

FCDI done !

--------------------------------------------------------------------------------
Total wall-clock time (second):         9655.61

                                               Have a nice day !    

