Descriptor coordinates by the model of dimension:     1
   -0.1476290155E+02
   -0.9151631347E+01
   -0.5324492098E+01
   -0.1665203007E+02
   -0.1062562762E+02
   -0.1596880896E+02
   -0.9134459044E+01
   -0.1787121178E+02
   -0.1530619053E+02
   -0.2080787864E+02
   -0.1180642796E+02
   -0.1628104624E+02
   -0.5373521746E+01
   -0.1236863881E+02
   -0.7845250904E+01
   -0.8006602847E+01
   -0.1116348939E+02
   -0.1582347522E+02
   -0.1540428440E+02
   -0.8178642564E+01
   -0.9800072561E+01
   -0.1090617337E+02
   -0.7375866242E+01
   -0.1421282508E+02
   -0.1424495163E+02
   -0.8605968689E+01
   -0.5632889008E+01
   -0.1237688457E+02
   -0.7755519502E+01
   -0.5693579425E+01
   -0.2256714372E+02
   -0.6658340041E+01
   -0.1436037325E+02
   -0.1853407480E+02
   -0.8914866243E+01
   -0.1520330640E+02
   -0.1251897888E+02
   -0.1002339010E+02
   -0.1112227007E+02
   -0.2125062404E+02
   -0.1461105836E+02
   -0.1490746467E+02
   -0.7571288127E+01
   -0.1938114804E+02
   -0.2055018924E+02
   -0.1300428364E+02
   -0.1393570749E+02
   -0.8664732919E+01
   -0.9287842599E+01
   -0.1602189240E+02
   -0.1494699248E+02
Descriptor coordinates by the model of dimension:     2
   -0.3810561576E+01
    0.4891510559E+01
   -0.2034741784E+01
    0.4861510187E+01
   -0.1352947424E+01
    0.4701759547E+01
   -0.4186455224E+01
    0.5031512834E+01
   -0.2162937776E+01
    0.5031990050E+01
   -0.3453750000E+01
    0.5085163749E+01
   -0.2346212121E+01
    0.4862155394E+01
   -0.3902375748E+01
    0.5096580310E+01
   -0.2865789474E+01
    0.5032542894E+01
   -0.4000310078E+01
    0.5192964851E+01
   -0.2333333333E+01
    0.4940976487E+01
   -0.2965289256E+01
    0.5137253848E+01
   -0.1365405802E+01
    0.4779605730E+01
   -0.3142857143E+01
    0.4968031157E+01
   -0.1641680672E+01
    0.4928921858E+01
   -0.1780160142E+01
    0.4905736894E+01
   -0.2090148448E+01
    0.5280565226E+01
   -0.2881951220E+01
    0.5136872096E+01
   -0.3294552288E+01
    0.5130494898E+01
   -0.2078183832E+01
    0.4788491243E+01
   -0.2202529762E+01
    0.4993730544E+01
   -0.2101036575E+01
    0.5146195173E+01
   -0.1823153989E+01
    0.4843634808E+01
   -0.3033750093E+01
    0.4952624785E+01
   -0.2738588808E+01
    0.5083441047E+01
   -0.1913421053E+01
    0.4819933118E+01
   -0.1449397117E+01
    0.4774560156E+01
   -0.3144952381E+01
    0.4968031157E+01
   -0.1676346344E+01
    0.4944462020E+01
   -0.1465013351E+01
    0.4764122121E+01
   -0.4225263158E+01
    0.5080319926E+01
   -0.1564208879E+01
    0.4852625100E+01
   -0.2760778589E+01
    0.5084585139E+01
   -0.3662934690E+01
    0.5023389611E+01
   -0.1784130268E+01
    0.5006845923E+01
   -0.3454791667E+01
    0.5072565416E+01
   -0.2820955748E+01
    0.5010622761E+01
   -0.2167868852E+01
    0.4971112455E+01
   -0.2309406662E+01
    0.5010248567E+01
   -0.4364054945E+01
    0.5153904586E+01
   -0.2974206437E+01
    0.5082422976E+01
   -0.2841078911E+01
    0.5000252903E+01
   -0.1683373786E+01
    0.4829260489E+01
   -0.3686134639E+01
    0.5190785941E+01
   -0.4061384335E+01
    0.5024301485E+01
   -0.3356631717E+01
    0.4896065914E+01
   -0.2679136691E+01
    0.5083949694E+01
   -0.1849501007E+01
    0.4868071206E+01
   -0.1858773946E+01
    0.5019193171E+01
   -0.2999790868E+01
    0.5070263027E+01
   -0.3522440397E+01
    0.4982221385E+01
Descriptor coordinates by the model of dimension:     3
   -0.3810561576E+01
    0.7510069501E-02
    0.7612778305E+00
   -0.2034741784E+01
    0.7738788044E-02
    0.9677779620E+00
   -0.1352947424E+01
    0.9079287603E-02
    0.9923920243E+00
   -0.4186455224E+01
    0.6528925917E-02
    0.9859998854E+00
   -0.2162937776E+01
    0.6525810953E-02
    0.9934298750E+00
   -0.3453750000E+01
    0.6187873748E-02
    0.4299035417E+00
   -0.2346212121E+01
    0.7733796536E-02
    0.9435463986E+00
   -0.3902375748E+01
    0.6117631235E-02
    0.8878795912E+00
   -0.2865789474E+01
    0.6522204192E-02
    0.9677779620E+00
   -0.4000310078E+01
    0.5555511111E-02
    0.5724047571E+00
   -0.2333333333E+01
    0.7147615413E-02
    0.9923920243E+00
   -0.2965289256E+01
    0.5873797927E-02
    0.9934298750E+00
   -0.1365405802E+01
    0.8399309913E-02
    0.7008661131E+00
   -0.3142857143E+01
    0.6956831469E-02
    0.9607776696E+00
   -0.1641680672E+01
    0.7234298678E-02
    0.9677779620E+00
   -0.1780160142E+01
    0.7403985121E-02
    0.8065395098E+00
   -0.2090148448E+01
    0.5089553234E-02
    0.9607776696E+00
   -0.2881951220E+01
    0.5876040691E-02
    0.9934298750E+00
   -0.3294552288E+01
    0.5913633103E-02
    0.9776907150E+00
   -0.2078183832E+01
    0.8325008325E-02
    0.8065395098E+00
   -0.2202529762E+01
    0.6780322960E-02
    0.9435463986E+00
   -0.2101036575E+01
    0.5821512489E-02
    0.8664293010E+00
   -0.1823153989E+01
    0.7878365598E-02
    0.3575199957E+00
   -0.3033750093E+01
    0.7064840882E-02
   -0.6248552400E-01
   -0.2738588808E+01
    0.6198542797E-02
    0.9934298750E+00
   -0.1913421053E+01
    0.8067326682E-02
    0.9923920243E+00
   -0.1449397117E+01
    0.8441796347E-02
    0.9986024050E+00
   -0.3144952381E+01
    0.6956831469E-02
    0.4773276450E+00
   -0.1676346344E+01
    0.7122745530E-02
    0.6609301221E+00
   -0.1465013351E+01
    0.8530373589E-02
    0.9986024050E+00
   -0.4225263158E+01
    0.6217919422E-02
    0.8065395098E+00
   -0.1564208879E+01
    0.7807854228E-02
    0.6609301221E+00
   -0.2760778589E+01
    0.6191455148E-02
    0.9934298750E+00
   -0.3662934690E+01
    0.6582177832E-02
    0.8065395098E+00
   -0.1784130268E+01
    0.6691977062E-02
    0.2305190056E+00
   -0.3454791667E+01
    0.6266323773E-02
    0.9776907150E+00
   -0.2820955748E+01
    0.6666750223E-02
    0.8670398292E+00
   -0.2167868852E+01
    0.6935428388E-02
    0.9934298750E+00
   -0.2309406662E+01
    0.6669245349E-02
    0.5057389475E+00
   -0.4364054945E+01
    0.5776804604E-02
    0.5376192258E+00
   -0.2974206437E+01
    0.6204856566E-02
    0.8587212699E+00
   -0.2841078911E+01
    0.6736243167E-02
    0.4919895756E+00
   -0.1683373786E+01
    0.7992429571E-02
    0.9923920243E+00
   -0.3686134639E+01
    0.5567629269E-02
    0.7612778305E+00
   -0.4061384335E+01
    0.6576178451E-02
    0.7008661131E+00
   -0.3356631717E+01
    0.7475936269E-02
    0.7370830082E+00
   -0.2679136691E+01
    0.6195390728E-02
    0.9934298750E+00
   -0.1849501007E+01
    0.7688179909E-02
    0.7193203696E+00
   -0.1858773946E+01
    0.6609857585E-02
    0.2305190056E+00
   -0.2999790868E+01
    0.6280767912E-02
    0.8065395098E+00
   -0.3522440397E+01
    0.6858809567E-02
    0.9948377265E+00
Descriptor coordinates by the model of dimension:     4
   -0.3810561576E+01
    0.7510069501E-02
    0.7612778305E+00
    0.8682169115E-04
   -0.2034741784E+01
    0.7738788044E-02
    0.9677779620E+00
    0.2304079243E-04
   -0.1352947424E+01
    0.9079287603E-02
    0.9923920243E+00
    0.4953997943E-04
   -0.4186455224E+01
    0.6528925917E-02
    0.9859998854E+00
    0.8594130281E-04
   -0.2162937776E+01
    0.6525810953E-02
    0.9934298750E+00
    0.1655638556E-04
   -0.3453750000E+01
    0.6187873748E-02
    0.4299035417E+00
    0.3048993755E-04
   -0.2346212121E+01
    0.7733796536E-02
    0.9435463986E+00
    0.3703368113E-04
   -0.3902375748E+01
    0.6117631235E-02
    0.8878795912E+00
    0.2357413233E-05
   -0.2865789474E+01
    0.6522204192E-02
    0.9677779620E+00
    0.8645838512E-05
   -0.4000310078E+01
    0.5555511111E-02
    0.5724047571E+00
    0.1478630361E-04
   -0.2333333333E+01
    0.7147615413E-02
    0.9923920243E+00
    0.1128974926E-04
   -0.2965289256E+01
    0.5873797927E-02
    0.9934298750E+00
    0.8607793078E-05
   -0.1365405802E+01
    0.8399309913E-02
    0.7008661131E+00
    0.3184765795E-02
   -0.3142857143E+01
    0.6956831469E-02
    0.9607776696E+00
    0.6264075817E-04
   -0.1641680672E+01
    0.7234298678E-02
    0.9677779620E+00
    0.1648331594E-04
   -0.1780160142E+01
    0.7403985121E-02
    0.8065395098E+00
    0.2278587195E-04
   -0.2090148448E+01
    0.5089553234E-02
    0.9607776696E+00
    0.1195341920E-04
   -0.2881951220E+01
    0.5876040691E-02
    0.9934298750E+00
    0.8703169343E-05
   -0.3294552288E+01
    0.5913633103E-02
    0.9776907150E+00
    0.2398762081E-04
   -0.2078183832E+01
    0.8325008325E-02
    0.8065395098E+00
    0.5133919957E-04
   -0.2202529762E+01
    0.6780322960E-02
    0.9435463986E+00
    0.1713423542E-04
   -0.2101036575E+01
    0.5821512489E-02
    0.8664293010E+00
    0.6221906050E-06
   -0.1823153989E+01
    0.7878365598E-02
    0.3575199957E+00
    0.3256599689E-02
   -0.3033750093E+01
    0.7064840882E-02
   -0.6248552400E-01
    0.1619266052E-05
   -0.2738588808E+01
    0.6198542797E-02
    0.9934298750E+00
    0.1159463094E-04
   -0.1913421053E+01
    0.8067326682E-02
    0.9923920243E+00
    0.2309206063E-04
   -0.1449397117E+01
    0.8441796347E-02
    0.9986024050E+00
    0.2972186155E-04
   -0.3144952381E+01
    0.6956831469E-02
    0.4773276450E+00
    0.4009008523E-02
   -0.1676346344E+01
    0.7122745530E-02
    0.6609301221E+00
    0.9439913675E-06
   -0.1465013351E+01
    0.8530373589E-02
    0.9986024050E+00
    0.2979430969E-04
   -0.4225263158E+01
    0.6217919422E-02
    0.8065395098E+00
    0.8896565454E-05
   -0.1564208879E+01
    0.7807854228E-02
    0.6609301221E+00
    0.1526126819E-05
   -0.2760778589E+01
    0.6191455148E-02
    0.9934298750E+00
    0.1156896492E-04
   -0.3662934690E+01
    0.6582177832E-02
    0.8065395098E+00
    0.1182776807E-04
   -0.1784130268E+01
    0.6691977062E-02
    0.2305190056E+00
    0.4716558437E-03
   -0.3454791667E+01
    0.6266323773E-02
    0.9776907150E+00
    0.3310139233E-04
   -0.2820955748E+01
    0.6666750223E-02
    0.8670398292E+00
    0.2617584442E-04
   -0.2167868852E+01
    0.6935428388E-02
    0.9934298750E+00
    0.2304079243E-04
   -0.2309406662E+01
    0.6669245349E-02
    0.5057389475E+00
    0.1601416520E-05
   -0.4364054945E+01
    0.5776804604E-02
    0.5376192258E+00
    0.5444375455E-02
   -0.2974206437E+01
    0.6204856566E-02
    0.8587212699E+00
    0.1730204882E-04
   -0.2841078911E+01
    0.6736243167E-02
    0.4919895756E+00
    0.8331505212E-06
   -0.1683373786E+01
    0.7992429571E-02
    0.9923920243E+00
    0.2258363178E-04
   -0.3686134639E+01
    0.5567629269E-02
    0.7612778305E+00
    0.1494597423E-04
   -0.4061384335E+01
    0.6576178451E-02
    0.7008661131E+00
    0.7536400104E-03
   -0.3356631717E+01
    0.7475936269E-02
    0.7370830082E+00
    0.8753140142E-04
   -0.2679136691E+01
    0.6195390728E-02
    0.9934298750E+00
    0.1174962563E-04
   -0.1849501007E+01
    0.7688179909E-02
    0.7193203696E+00
    0.1559245553E-05
   -0.1858773946E+01
    0.6609857585E-02
    0.2305190056E+00
    0.4399016656E-03
   -0.2999790868E+01
    0.6280767912E-02
    0.8065395098E+00
    0.8550986579E-05
   -0.3522440397E+01
    0.6858809567E-02
    0.9948377265E+00
    0.4496396524E-05
