Descriptor coordinates by the model of dimension:     1
    0.2405652770E+01
    0.2347498921E+01
    0.2336852834E+01
    0.2292607934E+01
    0.2344374191E+01
    0.2383438748E+01
    0.2289173137E+01
    0.2315229861E+01
    0.2339009473E+01
    0.2518183323E+01
    0.2537990260E+01
    0.2606046769E+01
    0.2595492189E+01
    0.2576686950E+01
    0.2715151440E+01
    0.2567004799E+01
    0.2653948952E+01
    0.2657776989E+01
    0.3157126986E+01
    0.3112918267E+01
    0.3113249298E+01
    0.2958368126E+01
    0.3243529573E+01
    0.3188759135E+01
    0.3144446359E+01
    0.3213725811E+01
    0.3277961434E+01
Descriptor coordinates by the model of dimension:     2
    0.5154210314E+01
    0.2222137689E+00
    0.5045018518E+01
    0.2189959605E+00
    0.5198398323E+01
    0.2188283875E+00
    0.5197047115E+01
    0.2209823144E+00
    0.4847244463E+01
    0.2148960915E+00
    0.4752873678E+01
    0.2124070390E+00
    0.4981419973E+01
    0.2172008309E+00
    0.4862414379E+01
    0.2161555227E+00
    0.4773645396E+01
    0.2164549930E+00
    0.9413268632E+01
    0.2525150004E+00
    0.9444825394E+01
    0.2542060132E+00
    0.8501298416E+01
    0.2422803337E+00
    0.8862024185E+01
    0.2465425444E+00
    0.8497643893E+01
    0.2431028534E+00
    0.8254811776E+01
    0.2381807835E+00
    0.9152715777E+01
    0.2501855616E+00
    0.8413679614E+01
    0.2401803842E+00
    0.8030120518E+01
    0.2387411417E+00
    0.1741849870E+02
    0.3049378367E+00
    0.1826498708E+02
    0.3116929278E+00
    0.1722045538E+02
    0.3043878852E+00
    0.1783206150E+02
    0.3091525060E+00
    0.1486140864E+02
    0.2890150990E+00
    0.1669161825E+02
    0.3000519580E+00
    0.1660720502E+02
    0.3000519580E+00
    0.1507733480E+02
    0.2902342311E+00
    0.1508972242E+02
    0.2876286462E+00
Descriptor coordinates by the model of dimension:     3
    0.7085217861E-01
    0.3312771646E+02
    0.7201344383E+03
    0.7511937479E-01
    0.3624747209E+02
    0.8127934879E+03
    0.7331281590E-01
    0.3660375168E+02
    0.8362210660E+03
    0.7446311705E-01
    0.3638954841E+02
    0.8216901143E+03
    0.7924667074E-01
    0.3890105122E+02
    0.8895376966E+03
    0.7992607225E-01
    0.3956373630E+02
    0.9107555281E+03
    0.7866804051E-01
    0.3882786685E+02
    0.8900338539E+03
    0.7981954194E-01
    0.3882786685E+02
    0.8835905794E+03
    0.8030732357E-01
    0.3802555281E+02
    0.8510419446E+03
    0.3368893652E-01
    0.1996373444E+02
    0.4335370713E+03
    0.3309845037E-01
    0.1931485134E+02
    0.4119834914E+03
    0.3689993841E-01
    0.2178460342E+02
    0.4843558032E+03
    0.3512070191E-01
    0.2067764116E+02
    0.4523227133E+03
    0.3732406219E-01
    0.2189794110E+02
    0.4860578705E+03
    0.3664895200E-01
    0.2172803430E+02
    0.4837694209E+03
    0.3408894296E-01
    0.2001816998E+02
    0.4331093063E+03
    0.3671816882E-01
    0.2184123903E+02
    0.4877993635E+03
    0.3857447764E-01
    0.2224005302E+02
    0.4914472108E+03
    0.1139857262E-01
    0.8602029868E+01
    0.1345316740E+03
    0.1081576760E-01
    0.8292013500E+01
    0.1261659323E+03
    0.1179263937E-01
    0.8777975810E+01
    0.1388885019E+03
    0.1205084681E-01
    0.8956406231E+01
    0.1441341891E+03
    0.1365519769E-01
    0.9543437261E+01
    0.1568812605E+03
    0.1194456041E-01
    0.8849241741E+01
    0.1406953088E+03
    0.1225085465E-01
    0.8992640429E+01
    0.1443223923E+03
    0.1357342949E-01
    0.9543437261E+01
    0.1573530881E+03
    0.1331986818E-01
    0.9543437261E+01
    0.1588437395E+03
Descriptor coordinates by the model of dimension:     4
    0.4748762034E+02
    0.6648970087E+01
    0.4748762034E+02
    0.9001280888E-01
    0.4775183772E+02
    0.6774024937E+01
    0.4775183772E+02
    0.9413188407E-01
    0.4883739888E+02
    0.6775765288E+01
    0.4883739888E+02
    0.9173613024E-01
    0.4815031842E+02
    0.6638972363E+01
    0.4815031842E+02
    0.9325578227E-01
    0.4767701856E+02
    0.6985691990E+01
    0.4767701856E+02
    0.9830093156E-01
    0.4780120965E+02
    0.7146009005E+01
    0.4780120965E+02
    0.9891111299E-01
    0.4788085930E+02
    0.6828193069E+01
    0.4788085930E+02
    0.9760890524E-01
    0.4738599219E+02
    0.6899939674E+01
    0.4738599219E+02
    0.9903765308E-01
    0.4667257099E+02
    0.6899770380E+01
    0.4667257099E+02
    0.9993708661E-01
    0.6068642291E+02
    0.5436726409E+01
    0.6068642291E+02
    0.4723658461E-01
    0.6026276965E+02
    0.5386162729E+01
    0.6026276965E+02
    0.4678228135E-01
    0.5987762451E+02
    0.5866630445E+01
    0.5987762451E+02
    0.5070953719E-01
    0.6015852750E+02
    0.5694909422E+01
    0.6015852750E+02
    0.4883838647E-01
    0.5957576996E+02
    0.5819627168E+01
    0.5957576996E+02
    0.5123356418E-01
    0.6007554780E+02
    0.6086296356E+01
    0.6007554780E+02
    0.5039368347E-01
    0.6028252686E+02
    0.5544736651E+01
    0.6028252686E+02
    0.4776637308E-01
    0.6017422605E+02
    0.5974601107E+01
    0.6017422605E+02
    0.5043074634E-01
    0.5872987788E+02
    0.6035880379E+01
    0.5872987788E+02
    0.5277036240E-01
    0.7161936405E+02
    0.4167936092E+01
    0.7161936405E+02
    0.2207539223E-01
    0.7179934569E+02
    0.4004915723E+01
    0.7179934569E+02
    0.2145387874E-01
    0.7123304083E+02
    0.4168126287E+01
    0.7123304083E+02
    0.2255332863E-01
    0.7142221121E+02
    0.4015227803E+01
    0.7142221121E+02
    0.2277033339E-01
    0.6911143567E+02
    0.4584155998E+01
    0.6911143567E+02
    0.2489635652E-01
    0.7111016718E+02
    0.4291322831E+01
    0.7111016718E+02
    0.2273215166E-01
    0.7086126970E+02
    0.4278733883E+01
    0.7086126970E+02
    0.2309327846E-01
    0.6939964477E+02
    0.4543646581E+01
    0.6939964477E+02
    0.2474727554E-01
    0.7031176505E+02
    0.4630747426E+01
    0.7031176505E+02
    0.2428497884E-01
